<!DOCTYPE html>
<html>
	<head>
        <meta http-equiv="content-type" content="text/html; charset=UTF-8" />
		<title>PaymentAPIValidation Test Execution Report</title>
        <script type="text/javascript" src="http://code.jquery.com/jquery-1.6.2.min.js"></script>
        <script type="text/javascript">
            /**
            * jQuery.fn.sortElements
            * --------------
            * #author James Padolsey (http://james.padolsey.com)
            * #version 0.11
            * #updated 18-MAR-2010
            * #url https://raw.github.com/jamespadolsey/jQuery-Plugins/master/sortElements/jquery.sortElements.js
            * --------------
            * #param Function comparator:
            *   Exactly the same behaviour as [1,2,3].sort(comparator)
            *   
            * #param Function getSortable
            *   A function that should return the element that is
            *   to be sorted. The comparator will run on the
            *   current collection, but you may want the actual
            *   resulting sort to occur on a parent or another
            *   associated element.
            *   
            *   E.g. $('td').sortElements(comparator, function(){
            *      return this.parentNode; 
            *   })
            *   
            *   The <td>'s parent (<tr>) will be sorted instead
            *   of the <td> itself.
            */
            jQuery.fn.sortElements = (function () {

                var sort = [].sort;

                return function (comparator, getSortable) {

                    getSortable = getSortable || function () { return this; };

                    var placements = this.map(function () {

                        var sortElement = getSortable.call(this),
                parentNode = sortElement.parentNode,

                        // Since the element itself will change position, we have
                        // to have some way of storing it's original position in
                        // the DOM. The easiest way is to have a 'flag' node:
                nextSibling = parentNode.insertBefore(
                    document.createTextNode(''),
                    sortElement.nextSibling
                );

                        return function () {

                            if (parentNode === this) {
                                throw new Error(
                        "You can't sort elements if any one is a descendant of another."
                    );
                            }

                            // Insert before flag:
                            parentNode.insertBefore(this, nextSibling);
                            // Remove flag:
                            parentNode.removeChild(nextSibling);

                        };

                    });

                    return sort.call(this, comparator).each(function (i) {
                        placements[i].call(getSortable.call(this));
                    });

                };

            })();
        </script>
        <script type="text/javascript">
            jQuery.fn.setBarSizes = (function () {
                return function (metricName, maxBarSize, min) {
                    var max = Math.max.apply(Math, $.makeArray($(this).map(function () { return Number($(this).attr('data-sr-' + metricName)); })));
                    var scale = 1.0;
                    while (max > 0.0 && max <= 10.0) {
                        scale = scale * 10.0;
                        max = max * 10.0;
                    }
                    max = (Math.ceil(max / 2) * 2) / scale;

                    this.each(function () {
                        var barAnchor = $(this).find('a');
                        var actual = $(this).attr('data-sr-' + metricName);
                        var newHeight = Math.max(Math.round(maxBarSize * (actual - min) / (max - min)), 2);
                        barAnchor.css({ height: newHeight });
                    });

                    var unit = "";
                    if (metricName.substr(metricName.length - 4, 4) === "time")
                        unit = "s";

                    $('#testview .scale-min-label').each(function () {
                        $(this).text(min.toString() + unit);
                    });
                    $('#testview .scale-max-label').each(function () {
                        $(this).text(max.toString() + unit);
                    });
                    var mid = max / 2;
                    $('#testview .scale-mid-label').each(function () {
                        $(this).text(mid.toString() + unit);
                    });
                };
            })();

            function getComparer(metricName, isDesc) {
                return function (a, b) {
                    var aNumber = Number($(a).attr('data-sr-' + metricName));
                    var bNumber = Number($(b).attr('data-sr-' + metricName));
                    var result = aNumber > bNumber ? 1 : (aNumber < bNumber ? -1 : 0);
                    if (isDesc)
                        result = -1 * result;

                    if (result == 0 && metricName != "order")
                        result = getComparer("order", false)(a, b);

                    return result;
                };
            }

            var currentSort = "";
            function doSort(allowToggleDesc) {
                var newSort = $("input[name='barSortOrder']:checked").val();
                if (allowToggleDesc && currentSort == newSort) {
                    $('#barSortDesc').click();
                    doSort(false);
                    return;
                }
                currentSort = newSort;
                $('#testview td.testview-item').sortElements(getComparer(newSort, $('#barSortDesc').is(':checked')));
            }


            function doSetHeights(allowSort) {
                var selectedMetric = $("input[name='barHeight']:checked").val();
                $('#testview td.testview-item').setBarSizes(selectedMetric, 60, 0.0);

                if (allowSort && currentSort != selectedMetric) {
                    var $radios = $("input[name='barSortOrder']");
                    $radios.filter('[value=' + selectedMetric + ']').attr('checked', true);
                    $("#barSortDesc").attr("checked", [true]);
                    doSort(false);
                }
            }

            $(document).ready(function () {
                $("input[name='barSortOrder']").click(function () { doSort(true); return true; });
                $("input[name='barSortDesc']").change(function () { doSort(false); });
                $("input[name='barHeight']").change(function () { doSetHeights(true); });

                doSort(false);
                doSetHeights(false);

                $("div.scrollable").css({ 'overflow': 'auto' });
            });
        </script>

        <style type="text/css">
            body 
            {
                color: #000000;
                font-family: Arial,Liberation Sans,DejaVu Sans,sans-serif;
                line-height: 130%;
            }
            h1 {
                font-family: Trebuchet MS,Liberation Sans,DejaVu Sans,sans-serif;
                font-size: 170%;
                font-weight: bold;
            }            
            h2 {
                font-family: Trebuchet MS,Liberation Sans,DejaVu Sans,sans-serif;
                font-size: 130%;
                font-weight: bold;
                margin-bottom: 5px;
            }            
            h3 {
                font-family: Trebuchet MS,Liberation Sans,DejaVu Sans,sans-serif;
                font-size: 120%;
                font-weight: bold;
                margin-bottom: 5px;
            }            
            a.bar
            {
                text-decoration: none;
                display: block;
                line-height: 1px;
            }
            .description
            {
                font-style: italic;
            }
            .log 
            {
                width: 600px;
                white-space: pre-wrap;
                display: block;
                margin: 0px;
            }
            .errorMessage 
            {
                width: 600px;
                color: Red;
                font-weight: bold;
            }
            .stackTrace 
            {
                width: 600px;
                white-space: pre-wrap;
                font-style: italic;
                color: Red;
                display: block;
            }
            table.testEvents
            {
                border: solid 1px #e8eef4;
                border-collapse: collapse;
            }
            table.testEvents td
            {
                vertical-align: top;
                padding: 5px;
                border: solid 1px #e8eef4;
            }
            table.testEvents th
            {
                padding: 6px 5px;
                text-align: left;
                background-color: #e8eef4;
                border: solid 1px #e8eef4;                
            }
            .comment
            {
                font-style: italic;
                font-size: smaller;
            }
            .startupBar
            {
                background-color: #EEEEEE;
                cursor: default;
            }
            
            .colorSucceeded
            {
                background-color: #90ED7B;
            }
            .colorIgnored
            {
                background-color: #FFFF85;
            }
            .colorPending
            {
                background-color: #D47BED;
            }
            .colorNothingToRun
            {
                background-color: #CCCCFF;
            }
            .colorSkipped
            {
                background-color: #CCCCFF;
            }
            .colorInconclusive
            {
                background-color: #7BEDED;
            }
            .colorCleanupFailed
            {
                background-color: #FFCCCC;
            }
            .colorRandomlyFailed
            {
                background-color: #EDB07B;
            }
            .colorFailed
            {
                background-color: #ED5F5F;
            }
            .colorInitializationFailed
            {
                background-color: #FF0000;
            }
            .colorFrameworkError
            {
                background-color: #FF0000;
            }
            ul.subNodeLinks
            {
                padding-left: 20px;
                margin: 0px;
            }
            ul.subNodeLinks li
            {
                list-style: none;
            }
            
            /* views general */
            div.scrollable
            {
                /*overflow: auto; - thsi has to be set from js, because of an IE9 bug */
            }
            div.viewbox
            {
                position: relative;
                border: 3px solid #e8eef4;
            }
            div.viewbox table
            {
                border: 0px;
            }
                        
            /* testview */
            #testview
            {
                padding-top: 23px;
            }
            
            table.testview-items td
            {
                vertical-align: bottom;
                padding: 0px 1px 0px 1px;
            }
            td.right-padding, td.left-padding
            {
                width: 25px;
                min-width: 25px;
            }
            table.testview-items a.bar
            {
                width: 5px;
            }
            table.testview-items tr.testview-items-row
            {
                height: 60px;
            }
            
            /* scale */
            table.vertical-scale 
            {
                position: absolute;
                top: 23px;
                left: 0px;
                width: 100%;
                z-index: -100;
            }
            table.vertical-scale td, tr.horizontal-scale td
            {
                font-size: 60%;
                line-height: normal;
            }
            table.vertical-scale tr.scale-max, table.vertical-scale tr.scale-mid 
            {
                height: 30px;
            }
            tr.horizontal-scale, table.vertical-scale tr.scale-min 
            {
                height: 12px;
            }
            
            td.scale-max-label, td.scale-mid-label, td.scale-min-label
            {
                border-top: solid 1px #E6E6E6;
                text-align: left;
                vertical-align: top;
            }
            td.scale-10-label
            {
                border-left: solid 1px #E6E6E6;
                text-align: left;
                vertical-align: bottom;
                padding-left: 1px;
            }
            tr.scale-mid td, tr.scale-min td, tr.scale-max td
            {
                border-top: solid 1px #E6E6E6;
            }
           
            
            /* bar-control */
            #bar-control
            {
                font-size: 60%;
                line-height: normal;
                position: absolute;
                right: 0px;
                top: 0px;
            }
            #bar-control label
            {
                font-weight: bold;
                vertical-align: middle;
            }
            #bar-control .option
            {
                vertical-align: middle;
                text-transform: lowercase;
            }
            #bar-control input[type="checkbox"]
            {
                padding: 0 2px 0 3px;
            }
            #bar-control input
            {
                vertical-align: top;
                height: 12px;
                margin: 0px;
                padding: 0px;
            }
            #bar-control div
            {
                float: right;
                margin: 3px 5px 3px 5px;
            }

            /* timeline view */
            #timelineview
            {
                padding-top: 5px;
            }
            table.timelineview a
            {
                height: 20px;
            }
            table.timelineview td
            {
                vertical-align: bottom;
                padding: 0px 1px 0px 0px;
                border: 0px;
            }
            tr.thread-items-row
            {
                height: 25px;
            }
            tr.thread-items-row td
            {
                vertical-align: bottom;
            }
            td.thread-label
            {
                padding: 0px 6px 0px 6px;
                text-align: right;
                line-height: 18px;
                vertical-align: bottom;
            }
            th.thread-label
            {
                padding: 3px 6px 0px 6px;
                line-height: 18px;
                text-align: left;
                vertical-align: bottom;
            }
        </style>
	</head>
	<body>
        <h1>PaymentAPIValidation Test Execution Report</h1>
        
    <ul>
        <li>Project: PaymentAPIValidation</li>
        <li>Configuration: Report</li>
        <li>Test Assemblies: PaymentAPIValidation.dll</li>
        <li>Start Time: 29/06/2020 0.11.07</li>
        <li>Duration: 00:00:06.9119333</li>
        <li>Test Threads: 1</li>
    </ul>


        <h2>Result: 4 failed</h2>
        <table class="testEvents">
                <tr>
        <th colspan="2">Success rate</th>
        <th>Tests</th>
        <th>Succeeded</th>
        <th>Failed</th>
        <th>Pending</th>
        <th>Ignored</th>
        <th>Skipped</th>
    </tr>

                <td>
            79%
    </td>
    <td>
            <table class="timelineview" cellpadding="0" cellspacing="0">
        <tr>
    <td>
        <a class="bar colorSucceeded" 
           style="width: 157px;" 
           title="15 succeeded" 
                   ></a>
    </td>
    <td>
        <a class="bar colorFailed" 
           style="width: 41px;" 
           title="4 failed" 
                          href="#error_summary"
        ></a>
    </td>
        </tr>
    </table>

    </td>
    <td>19 (test executions: 27)</td>
    <td>15</td>
    <td>4</td>
    <td>0</td>
    <td>0</td>
    <td>0</td>

        </table>
        
        <h2>Test Timeline Summary</h2>

        <div id="timelineview" class="viewbox">
            <div class="scrollable">
                <table cellpadding="0" cellspacing="0">
                    <tr>
                        <th class="thread-label" colspan="2">thread</th>
                    </tr>
                        <tr class="thread-items-row">
                            <td class="thread-label" title="Machine: LAPTOP-GFC80RSC">#0</td>
                            <td colspan="4">
                                <table class="timelineview" cellpadding="0" cellspacing="0">
                                    <tr>

                                            <td>
        <a
            class="bar startupBar" 
            style="width: 3px;" 
                title="test thread startup" 
        >&nbsp;</a>
    </td>

    <td>
        <a
            class="bar colorSucceeded" 
            style="width: 36px;" 
                title="Request with a valid JWT token (in APIValidationTest)" 
                href="#t1382721109.0"
        >&nbsp;</a>
    </td>
    <td>
        <a
            class="bar colorSucceeded" 
            style="width: 4px;" 
                title="Request without a JWT token (in APIValidationTest)" 
                href="#t-1082841427.0"
        >&nbsp;</a>
    </td>
    <td>
        <a
            class="bar colorSucceeded" 
            style="width: 4px;" 
                title="Request with an invalid JWT token (in APIValidationTest)" 
                href="#t-1924031982.0"
        >&nbsp;</a>
    </td>
    <td>
        <a
            class="bar colorSucceeded" 
            style="width: 5px;" 
                title="Request IBAN number of Austria (in APIValidationTest)" 
                href="#t1695227573.0"
        >&nbsp;</a>
    </td>
    <td>
        <a
            class="bar colorSucceeded" 
            style="width: 5px;" 
                title="Request IBAN number of Germany (in APIValidationTest)" 
                href="#t252822423.0"
        >&nbsp;</a>
    </td>
    <td>
        <a
            class="bar colorSucceeded" 
            style="width: 4px;" 
                title="Request IBAN number of Switzerland (in APIValidationTest)" 
                href="#t1458247395.0"
        >&nbsp;</a>
    </td>
    <td>
        <a
            class="bar colorSucceeded" 
            style="width: 6px;" 
                title="Request IBAN number of Finland (in APIValidationTest)" 
                href="#t1932404512.0"
        >&nbsp;</a>
    </td>
    <td>
        <a
            class="bar colorSucceeded" 
            style="width: 5px;" 
                title="Request IBAN number of Sweden (in APIValidationTest)" 
                href="#t-795860220.0"
        >&nbsp;</a>
    </td>
    <td>
        <a
            class="bar colorSucceeded" 
            style="width: 4px;" 
                title="Request IBAN number of Norway (in APIValidationTest)" 
                href="#t-1946170106.0"
        >&nbsp;</a>
    </td>
    <td>
        <a
            class="bar colorSucceeded" 
            style="width: 8px;" 
                title="Request IBAN number of Denmark (in APIValidationTest)" 
                href="#t-528126496.0"
        >&nbsp;</a>
    </td>
    <td>
        <a
            class="bar colorSucceeded" 
            style="width: 4px;" 
                title="Request In-valid IBAN number less than Seven character (in APIValidationTest)" 
                href="#t-1562734261.0"
        >&nbsp;</a>
    </td>
    <td>
        <a
            class="bar colorFailed" 
            style="width: 7px;" 
                title="Request invalid but exactly Seven char IBAN with space character (in APIValidationTest)" 
                href="#t-122327292.0"
        >&nbsp;</a>
    </td>
    <td>
        <a
            class="bar colorFailed" 
            style="width: 5px;" 
                title="Request invalid but exactly Seven char IBAN with space character (in APIValidationTest) retry #1" 
                href="#t-122327292.1"
        >&nbsp;</a>
    </td>
    <td>
        <a
            class="bar colorFailed" 
            style="width: 4px;" 
                title="Request invalid but exactly Seven char IBAN with space character (in APIValidationTest) retry #2" 
                href="#t-122327292.2"
        >&nbsp;</a>
    </td>
    <td>
        <a
            class="bar colorFailed" 
            style="width: 5px;" 
                title="Request invalid but exactly Seven char IBAN with no space character (in APIValidationTest)" 
                href="#t1999049493.0"
        >&nbsp;</a>
    </td>
    <td>
        <a
            class="bar colorFailed" 
            style="width: 4px;" 
                title="Request invalid but exactly Seven char IBAN with no space character (in APIValidationTest) retry #1" 
                href="#t1999049493.1"
        >&nbsp;</a>
    </td>
    <td>
        <a
            class="bar colorFailed" 
            style="width: 4px;" 
                title="Request invalid but exactly Seven char IBAN with no space character (in APIValidationTest) retry #2" 
                href="#t1999049493.2"
        >&nbsp;</a>
    </td>
    <td>
        <a
            class="bar colorFailed" 
            style="width: 4px;" 
                title="Request valid but not supported IBAN which contains exactly Thirty Four character (in APIValidationTest)" 
                href="#t1377656189.0"
        >&nbsp;</a>
    </td>
    <td>
        <a
            class="bar colorFailed" 
            style="width: 5px;" 
                title="Request valid but not supported IBAN which contains exactly Thirty Four character (in APIValidationTest) retry #1" 
                href="#t1377656189.1"
        >&nbsp;</a>
    </td>
    <td>
        <a
            class="bar colorFailed" 
            style="width: 5px;" 
                title="Request valid but not supported IBAN which contains exactly Thirty Four character (in APIValidationTest) retry #2" 
                href="#t1377656189.2"
        >&nbsp;</a>
    </td>
    <td>
        <a
            class="bar colorFailed" 
            style="width: 4px;" 
                title="Request valid but not supported IBAN which contains less than Thirty Four character (in APIValidationTest)" 
                href="#t1471510313.0"
        >&nbsp;</a>
    </td>
    <td>
        <a
            class="bar colorFailed" 
            style="width: 4px;" 
                title="Request valid but not supported IBAN which contains less than Thirty Four character (in APIValidationTest) retry #1" 
                href="#t1471510313.1"
        >&nbsp;</a>
    </td>
    <td>
        <a
            class="bar colorFailed" 
            style="width: 5px;" 
                title="Request valid but not supported IBAN which contains less than Thirty Four character (in APIValidationTest) retry #2" 
                href="#t1471510313.2"
        >&nbsp;</a>
    </td>
    <td>
        <a
            class="bar colorSucceeded" 
            style="width: 4px;" 
                title="Request Invalid IBAN which contains exactly Thirty Four character (in APIValidationTest)" 
                href="#t1136072968.0"
        >&nbsp;</a>
    </td>
    <td>
        <a
            class="bar colorSucceeded" 
            style="width: 4px;" 
                title="Request invalid and more than Thirty Four char IBAN (in APIValidationTest)" 
                href="#t1075673924.0"
        >&nbsp;</a>
    </td>
    <td>
        <a
            class="bar colorSucceeded" 
            style="width: 4px;" 
                title="Request with null or empty IBAN (in APIValidationTest)" 
                href="#t-16479561.0"
        >&nbsp;</a>
    </td>
    <td>
        <a
            class="bar colorSucceeded" 
            style="width: 4px;" 
                title="Request with invalid IBAN (in APIValidationTest)" 
                href="#t-1917351657.0"
        >&nbsp;</a>
    </td>
                                    </tr>
                                </table>
                            </td>
                        </tr>
                    <tr class="horizontal-scale">
                        <td>&nbsp;</td>
                            <td class="scale-10-label" style="width: 55px;min-width: 55px;">0s</td>
                            <td class="scale-10-label" style="width: 54px;min-width: 54px;">2s</td>
                            <td class="scale-10-label" style="width: 55px;min-width: 55px;">4s</td>
                        <td class="scale-10-label">6s</td>
                    </tr>
                </table>
            </div>
        </div>

        
    <h2>Test Result View</h2>
    <div id="testview" class="viewbox">
        <div id="bar-control">
            <div id="bar-control-sort">
                <label>sort by:</label>
                <span class="option"><input type="radio" name="barSortOrder" value="exectime" />Time</span>
                <span class="option"><input type="radio" name="barSortOrder" value="acttime" />Act Time</span>
                <span class="option"><input type="radio" name="barSortOrder" value="order" />Execution</span>
                <span class="option"><input type="radio" name="barSortOrder" value="rescode" checked="checked" />Result</span>
                <span class="option"><input type="checkbox" name="barSortDesc" id="barSortDesc" checked="checked" />desc</span>
            </div>
            <div id="bar-control-heights">
                <label>heights:</label>
                <span class="option"><input type="radio" checked="checked" name="barHeight" value="exectime" />Time</span>
                <span class="option"><input type="radio" name="barHeight" value="acttime" />Act Time</span>
            </div>
        </div>
        <table class="vertical-scale" cellpadding="0" cellspacing="0">
            <tr class="scale-max">
                <td class="left-padding scale-max-label">&nbsp;</td>
                <td colspan="27">&nbsp;</td>
                <td class="right-padding">&nbsp;</td>
            </tr>
            <tr class="scale-mid">
                <td class="left-padding scale-mid-label">&nbsp;</td>
                <td colspan="27">&nbsp;</td>
                <td class="right-padding">&nbsp;</td>
            </tr>
            <tr class="scale-min">
                <td class="left-padding scale-min-label">&nbsp;</td>
                <td colspan="27">&nbsp;</td>
                <td class="right-padding">&nbsp;</td>
            </tr>
        </table>
        <div class="scrollable">
            <table class="testview-items" cellpadding="0" cellspacing="0">
                <tr class="testview-items-row">
                    <td class="left-padding">&nbsp;</td>
    <td class="testview-item" 
        data-sr-exectime="0.3253716" data-sr-rescode="110" data-sr-order="0" data-sr-acttime="0.23">
        <a
            class="bar colorSucceeded" 
            style="height: 60px;"
            title="Request with a valid JWT token (in APIValidationTest)"
            href="#t1382721109.0">&nbsp;</a>
    </td>
    <td class="testview-item" 
        data-sr-exectime="0.1931381" data-sr-rescode="110" data-sr-order="1" data-sr-acttime="0.183">
        <a
            class="bar colorSucceeded" 
            style="height: 36px;"
            title="Request without a JWT token (in APIValidationTest)"
            href="#t-1082841427.0">&nbsp;</a>
    </td>
    <td class="testview-item" 
        data-sr-exectime="0.1803681" data-sr-rescode="110" data-sr-order="2" data-sr-acttime="0.168">
        <a
            class="bar colorSucceeded" 
            style="height: 33px;"
            title="Request with an invalid JWT token (in APIValidationTest)"
            href="#t-1924031982.0">&nbsp;</a>
    </td>
    <td class="testview-item" 
        data-sr-exectime="0.2059845" data-sr-rescode="110" data-sr-order="3" data-sr-acttime="0.193">
        <a
            class="bar colorSucceeded" 
            style="height: 38px;"
            title="Request IBAN number of Austria (in APIValidationTest)"
            href="#t1695227573.0">&nbsp;</a>
    </td>
    <td class="testview-item" 
        data-sr-exectime="0.2040114" data-sr-rescode="110" data-sr-order="4" data-sr-acttime="0.191">
        <a
            class="bar colorSucceeded" 
            style="height: 38px;"
            title="Request IBAN number of Germany (in APIValidationTest)"
            href="#t252822423.0">&nbsp;</a>
    </td>
    <td class="testview-item" 
        data-sr-exectime="0.1991496" data-sr-rescode="110" data-sr-order="5" data-sr-acttime="0.185">
        <a
            class="bar colorSucceeded" 
            style="height: 37px;"
            title="Request IBAN number of Switzerland (in APIValidationTest)"
            href="#t1458247395.0">&nbsp;</a>
    </td>
    <td class="testview-item" 
        data-sr-exectime="0.2447801" data-sr-rescode="110" data-sr-order="6" data-sr-acttime="0.225">
        <a
            class="bar colorSucceeded" 
            style="height: 45px;"
            title="Request IBAN number of Finland (in APIValidationTest)"
            href="#t1932404512.0">&nbsp;</a>
    </td>
    <td class="testview-item" 
        data-sr-exectime="0.21483" data-sr-rescode="110" data-sr-order="7" data-sr-acttime="0.195">
        <a
            class="bar colorSucceeded" 
            style="height: 40px;"
            title="Request IBAN number of Sweden (in APIValidationTest)"
            href="#t-795860220.0">&nbsp;</a>
    </td>
    <td class="testview-item" 
        data-sr-exectime="0.2056827" data-sr-rescode="110" data-sr-order="8" data-sr-acttime="0.19">
        <a
            class="bar colorSucceeded" 
            style="height: 38px;"
            title="Request IBAN number of Norway (in APIValidationTest)"
            href="#t-1946170106.0">&nbsp;</a>
    </td>
    <td class="testview-item" 
        data-sr-exectime="0.3064474" data-sr-rescode="110" data-sr-order="9" data-sr-acttime="0.296">
        <a
            class="bar colorSucceeded" 
            style="height: 57px;"
            title="Request IBAN number of Denmark (in APIValidationTest)"
            href="#t-528126496.0">&nbsp;</a>
    </td>
    <td class="testview-item" 
        data-sr-exectime="0.1903816" data-sr-rescode="110" data-sr-order="10" data-sr-acttime="0.177">
        <a
            class="bar colorSucceeded" 
            style="height: 35px;"
            title="Request In-valid IBAN number less than Seven character (in APIValidationTest)"
            href="#t-1562734261.0">&nbsp;</a>
    </td>
    <td class="testview-item" 
        data-sr-exectime="0.1783884" data-sr-rescode="110" data-sr-order="23" data-sr-acttime="0.166">
        <a
            class="bar colorSucceeded" 
            style="height: 33px;"
            title="Request Invalid IBAN which contains exactly Thirty Four character (in APIValidationTest)"
            href="#t1136072968.0">&nbsp;</a>
    </td>
    <td class="testview-item" 
        data-sr-exectime="0.1988033" data-sr-rescode="110" data-sr-order="24" data-sr-acttime="0.182">
        <a
            class="bar colorSucceeded" 
            style="height: 37px;"
            title="Request invalid and more than Thirty Four char IBAN (in APIValidationTest)"
            href="#t1075673924.0">&nbsp;</a>
    </td>
    <td class="testview-item" 
        data-sr-exectime="0.1854863" data-sr-rescode="110" data-sr-order="25" data-sr-acttime="0.175">
        <a
            class="bar colorSucceeded" 
            style="height: 34px;"
            title="Request with null or empty IBAN (in APIValidationTest)"
            href="#t-16479561.0">&nbsp;</a>
    </td>
    <td class="testview-item" 
        data-sr-exectime="0.1873477" data-sr-rescode="110" data-sr-order="26" data-sr-acttime="0.175">
        <a
            class="bar colorSucceeded" 
            style="height: 35px;"
            title="Request with invalid IBAN (in APIValidationTest)"
            href="#t-1917351657.0">&nbsp;</a>
    </td>
    <td class="testview-item" 
        data-sr-exectime="0.2927117" data-sr-rescode="540" data-sr-order="11" data-sr-acttime="0.197">
        <a
            class="bar colorFailed" 
            style="height: 54px;"
            title="Request invalid but exactly Seven char IBAN with space character (in APIValidationTest)"
            href="#t-122327292.0">&nbsp;</a>
    </td>
    <td class="testview-item" 
        data-sr-exectime="0.2102249" data-sr-rescode="540" data-sr-order="12" data-sr-acttime="0.198">
        <a
            class="bar colorFailed" 
            style="height: 39px;"
            title="Request invalid but exactly Seven char IBAN with space character (in APIValidationTest) retry #1"
            href="#t-122327292.1">&nbsp;</a>
    </td>
    <td class="testview-item" 
        data-sr-exectime="0.1946876" data-sr-rescode="540" data-sr-order="13" data-sr-acttime="0.179">
        <a
            class="bar colorFailed" 
            style="height: 36px;"
            title="Request invalid but exactly Seven char IBAN with space character (in APIValidationTest) retry #2"
            href="#t-122327292.2">&nbsp;</a>
    </td>
    <td class="testview-item" 
        data-sr-exectime="0.1983255" data-sr-rescode="540" data-sr-order="14" data-sr-acttime="0.186">
        <a
            class="bar colorFailed" 
            style="height: 37px;"
            title="Request invalid but exactly Seven char IBAN with no space character (in APIValidationTest)"
            href="#t1999049493.0">&nbsp;</a>
    </td>
    <td class="testview-item" 
        data-sr-exectime="0.191005" data-sr-rescode="540" data-sr-order="15" data-sr-acttime="0.182">
        <a
            class="bar colorFailed" 
            style="height: 35px;"
            title="Request invalid but exactly Seven char IBAN with no space character (in APIValidationTest) retry #1"
            href="#t1999049493.1">&nbsp;</a>
    </td>
    <td class="testview-item" 
        data-sr-exectime="0.1776167" data-sr-rescode="540" data-sr-order="16" data-sr-acttime="0.168">
        <a
            class="bar colorFailed" 
            style="height: 33px;"
            title="Request invalid but exactly Seven char IBAN with no space character (in APIValidationTest) retry #2"
            href="#t1999049493.2">&nbsp;</a>
    </td>
    <td class="testview-item" 
        data-sr-exectime="0.2063947" data-sr-rescode="540" data-sr-order="17" data-sr-acttime="0.193">
        <a
            class="bar colorFailed" 
            style="height: 38px;"
            title="Request valid but not supported IBAN which contains exactly Thirty Four character (in APIValidationTest)"
            href="#t1377656189.0">&nbsp;</a>
    </td>
    <td class="testview-item" 
        data-sr-exectime="0.2101865" data-sr-rescode="540" data-sr-order="18" data-sr-acttime="0.186">
        <a
            class="bar colorFailed" 
            style="height: 39px;"
            title="Request valid but not supported IBAN which contains exactly Thirty Four character (in APIValidationTest) retry #1"
            href="#t1377656189.1">&nbsp;</a>
    </td>
    <td class="testview-item" 
        data-sr-exectime="0.1974915" data-sr-rescode="540" data-sr-order="19" data-sr-acttime="0.186">
        <a
            class="bar colorFailed" 
            style="height: 36px;"
            title="Request valid but not supported IBAN which contains exactly Thirty Four character (in APIValidationTest) retry #2"
            href="#t1377656189.2">&nbsp;</a>
    </td>
    <td class="testview-item" 
        data-sr-exectime="0.1972919" data-sr-rescode="540" data-sr-order="20" data-sr-acttime="0.184">
        <a
            class="bar colorFailed" 
            style="height: 36px;"
            title="Request valid but not supported IBAN which contains less than Thirty Four character (in APIValidationTest)"
            href="#t1471510313.0">&nbsp;</a>
    </td>
    <td class="testview-item" 
        data-sr-exectime="0.1870307" data-sr-rescode="540" data-sr-order="21" data-sr-acttime="0.178">
        <a
            class="bar colorFailed" 
            style="height: 34px;"
            title="Request valid but not supported IBAN which contains less than Thirty Four character (in APIValidationTest) retry #1"
            href="#t1471510313.1">&nbsp;</a>
    </td>
    <td class="testview-item" 
        data-sr-exectime="0.2012911" data-sr-rescode="540" data-sr-order="22" data-sr-acttime="0.19">
        <a
            class="bar colorFailed" 
            style="height: 37px;"
            title="Request valid but not supported IBAN which contains less than Thirty Four character (in APIValidationTest) retry #2"
            href="#t1471510313.2">&nbsp;</a>
    </td>
                    <td class="right-padding">&nbsp;</td>
                </tr>
                <tr class="horizontal-scale">
                    <td class="left-padding">&nbsp;</td>
                    <td colspan="10">&nbsp;</td>
                        <td class="scale-10-label" colspan="10">10</td>
                </tr>
            </table>
        </div>
    </div>

        
        
    <h2>Feature Summary</h2>
    <table class="testEvents">
            <tr>
            <th>Feature</th>
        <th colspan="2">Success rate</th>
        <th>Tests</th>
        <th>Succeeded</th>
        <th>Failed</th>
        <th>Pending</th>
        <th>Ignored</th>
        <th>Skipped</th>
            <th>Duration</th>
    </tr>


            <tr>
                <td><a href="#f-607170431">APIValidationTest</a></td>
                    <td>
            56%
    </td>
    <td>
            <table class="timelineview" cellpadding="0" cellspacing="0">
        <tr>
    <td>
        <a class="bar colorSucceeded" 
           style="width: 157px;" 
           title="15 succeeded" 
                   ></a>
    </td>
    <td>
        <a class="bar colorFailed" 
           style="width: 125px;" 
           title="4 failed" 
                          href="#error_summary"
        ></a>
    </td>
        </tr>
    </table>

    </td>
    <td>19 (test executions: 27)</td>
    <td>15</td>
    <td>12</td>
    <td>0</td>
    <td>0</td>
    <td>0</td>
        <td>00:00:05.6844286</td>

            </tr>
    </table>


        <a name="error_summary" />
        <h2>Error Summary</h2>
        <table class="testEvents">
                <tr>
            <th>Test</th>
        <th colspan="2">Success rate</th>
        <th>Tests</th>
        <th>Succeeded</th>
        <th>Failed</th>
        <th>Pending</th>
        <th>Ignored</th>
        <th>Skipped</th>
    </tr>

                <tr>
                    <td>
                        <a href="#t-122327292.0">Request invalid but exactly Seven char IBAN with space character (in PaymentAPIValidation, APIValidationTest)</a>
                            <a href="#t-122327292.1">retry #1</a>
                            <a href="#t-122327292.2">retry #2</a>
                    </td>
                        <td>
            0%
    </td>
    <td>
            <table class="timelineview" cellpadding="0" cellspacing="0">
        <tr>
    <td>
        <a class="bar colorFailed" 
           style="width: 599px;" 
           title="1 failed" 
                          href="#error_summary"
        ></a>
    </td>
        </tr>
    </table>

    </td>
    <td>1 (test executions: 3)</td>
    <td>0</td>
    <td>3</td>
    <td>0</td>
    <td>0</td>
    <td>0</td>

                </tr>
                <tr>
                    <td colspan="9" style="padding-left: 20px;"><div class="errorMessage">Error: Assert.IsTrue failed. </div></td>
                </tr>
                <tr>
                    <td>
                        <a href="#t1999049493.0">Request invalid but exactly Seven char IBAN with no space character (in PaymentAPIValidation, APIValidationTest)</a>
                            <a href="#t1999049493.1">retry #1</a>
                            <a href="#t1999049493.2">retry #2</a>
                    </td>
                        <td>
            0%
    </td>
    <td>
            <table class="timelineview" cellpadding="0" cellspacing="0">
        <tr>
    <td>
        <a class="bar colorFailed" 
           style="width: 599px;" 
           title="1 failed" 
                          href="#error_summary"
        ></a>
    </td>
        </tr>
    </table>

    </td>
    <td>1 (test executions: 3)</td>
    <td>0</td>
    <td>3</td>
    <td>0</td>
    <td>0</td>
    <td>0</td>

                </tr>
                <tr>
                    <td colspan="9" style="padding-left: 20px;"><div class="errorMessage">Error: Assert.IsTrue failed. </div></td>
                </tr>
                <tr>
                    <td>
                        <a href="#t1377656189.0">Request valid but not supported IBAN which contains exactly Thirty Four character (in PaymentAPIValidation, APIValidationTest)</a>
                            <a href="#t1377656189.1">retry #1</a>
                            <a href="#t1377656189.2">retry #2</a>
                    </td>
                        <td>
            0%
    </td>
    <td>
            <table class="timelineview" cellpadding="0" cellspacing="0">
        <tr>
    <td>
        <a class="bar colorFailed" 
           style="width: 599px;" 
           title="1 failed" 
                          href="#error_summary"
        ></a>
    </td>
        </tr>
    </table>

    </td>
    <td>1 (test executions: 3)</td>
    <td>0</td>
    <td>3</td>
    <td>0</td>
    <td>0</td>
    <td>0</td>

                </tr>
                <tr>
                    <td colspan="9" style="padding-left: 20px;"><div class="errorMessage">Error: Assert.IsTrue failed. </div></td>
                </tr>
                <tr>
                    <td>
                        <a href="#t1471510313.0">Request valid but not supported IBAN which contains less than Thirty Four character (in PaymentAPIValidation, APIValidationTest)</a>
                            <a href="#t1471510313.1">retry #1</a>
                            <a href="#t1471510313.2">retry #2</a>
                    </td>
                        <td>
            0%
    </td>
    <td>
            <table class="timelineview" cellpadding="0" cellspacing="0">
        <tr>
    <td>
        <a class="bar colorFailed" 
           style="width: 599px;" 
           title="1 failed" 
                          href="#error_summary"
        ></a>
    </td>
        </tr>
    </table>

    </td>
    <td>1 (test executions: 3)</td>
    <td>0</td>
    <td>3</td>
    <td>0</td>
    <td>0</td>
    <td>0</td>

                </tr>
                <tr>
                    <td colspan="9" style="padding-left: 20px;"><div class="errorMessage">Error: Assert.IsTrue failed. </div></td>
                </tr>
        </table>

        <h2>Scenario Summary</h2>
            <a name="f-607170431" />
            <h3>Feature: APIValidationTest</h3>
            <table class="testEvents">
                    <tr>
            <th>Test</th>
        <th colspan="2">Success rate</th>
        <th>Tests</th>
        <th>Succeeded</th>
        <th>Failed</th>
        <th>Pending</th>
        <th>Ignored</th>
        <th>Skipped</th>
            <th>Duration</th>
    </tr>

                    <tr>
                        <td>
                                    <a href="#t1382721109.0">Scenario: Request with a valid JWT token</a>

                        </td>
                        
                            <td>
            100%
    </td>
    <td>
            <table class="timelineview" cellpadding="0" cellspacing="0">
        <tr>
    <td>
        <a class="bar colorSucceeded" 
           style="width: 199px;" 
           title="1 succeeded" 
                   ></a>
    </td>
        </tr>
    </table>

    </td>
    <td>1</td>
    <td>1</td>
    <td>0</td>
    <td>0</td>
    <td>0</td>
    <td>0</td>
        <td>00:00:00.3253716</td>

                        
                    </tr>
                    <tr>
                        <td>
                                    <a href="#t-1082841427.0">Scenario: Request without a JWT token</a>

                        </td>
                        
                            <td>
            100%
    </td>
    <td>
            <table class="timelineview" cellpadding="0" cellspacing="0">
        <tr>
    <td>
        <a class="bar colorSucceeded" 
           style="width: 199px;" 
           title="1 succeeded" 
                   ></a>
    </td>
        </tr>
    </table>

    </td>
    <td>1</td>
    <td>1</td>
    <td>0</td>
    <td>0</td>
    <td>0</td>
    <td>0</td>
        <td>00:00:00.1931381</td>

                        
                    </tr>
                    <tr>
                        <td>
                                    <a href="#t-1924031982.0">Scenario: Request with an invalid JWT token</a>

                        </td>
                        
                            <td>
            100%
    </td>
    <td>
            <table class="timelineview" cellpadding="0" cellspacing="0">
        <tr>
    <td>
        <a class="bar colorSucceeded" 
           style="width: 199px;" 
           title="1 succeeded" 
                   ></a>
    </td>
        </tr>
    </table>

    </td>
    <td>1</td>
    <td>1</td>
    <td>0</td>
    <td>0</td>
    <td>0</td>
    <td>0</td>
        <td>00:00:00.1803681</td>

                        
                    </tr>
                    <tr>
                        <td>
                                    <a href="#t1695227573.0">Scenario: Request IBAN number of Austria</a>

                        </td>
                        
                            <td>
            100%
    </td>
    <td>
            <table class="timelineview" cellpadding="0" cellspacing="0">
        <tr>
    <td>
        <a class="bar colorSucceeded" 
           style="width: 199px;" 
           title="1 succeeded" 
                   ></a>
    </td>
        </tr>
    </table>

    </td>
    <td>1</td>
    <td>1</td>
    <td>0</td>
    <td>0</td>
    <td>0</td>
    <td>0</td>
        <td>00:00:00.2059845</td>

                        
                    </tr>
                    <tr>
                        <td>
                                    <a href="#t252822423.0">Scenario: Request IBAN number of Germany</a>

                        </td>
                        
                            <td>
            100%
    </td>
    <td>
            <table class="timelineview" cellpadding="0" cellspacing="0">
        <tr>
    <td>
        <a class="bar colorSucceeded" 
           style="width: 199px;" 
           title="1 succeeded" 
                   ></a>
    </td>
        </tr>
    </table>

    </td>
    <td>1</td>
    <td>1</td>
    <td>0</td>
    <td>0</td>
    <td>0</td>
    <td>0</td>
        <td>00:00:00.2040114</td>

                        
                    </tr>
                    <tr>
                        <td>
                                    <a href="#t1458247395.0">Scenario: Request IBAN number of Switzerland</a>

                        </td>
                        
                            <td>
            100%
    </td>
    <td>
            <table class="timelineview" cellpadding="0" cellspacing="0">
        <tr>
    <td>
        <a class="bar colorSucceeded" 
           style="width: 199px;" 
           title="1 succeeded" 
                   ></a>
    </td>
        </tr>
    </table>

    </td>
    <td>1</td>
    <td>1</td>
    <td>0</td>
    <td>0</td>
    <td>0</td>
    <td>0</td>
        <td>00:00:00.1991496</td>

                        
                    </tr>
                    <tr>
                        <td>
                                    <a href="#t1932404512.0">Scenario: Request IBAN number of Finland</a>

                        </td>
                        
                            <td>
            100%
    </td>
    <td>
            <table class="timelineview" cellpadding="0" cellspacing="0">
        <tr>
    <td>
        <a class="bar colorSucceeded" 
           style="width: 199px;" 
           title="1 succeeded" 
                   ></a>
    </td>
        </tr>
    </table>

    </td>
    <td>1</td>
    <td>1</td>
    <td>0</td>
    <td>0</td>
    <td>0</td>
    <td>0</td>
        <td>00:00:00.2447801</td>

                        
                    </tr>
                    <tr>
                        <td>
                                    <a href="#t-795860220.0">Scenario: Request IBAN number of Sweden</a>

                        </td>
                        
                            <td>
            100%
    </td>
    <td>
            <table class="timelineview" cellpadding="0" cellspacing="0">
        <tr>
    <td>
        <a class="bar colorSucceeded" 
           style="width: 199px;" 
           title="1 succeeded" 
                   ></a>
    </td>
        </tr>
    </table>

    </td>
    <td>1</td>
    <td>1</td>
    <td>0</td>
    <td>0</td>
    <td>0</td>
    <td>0</td>
        <td>00:00:00.2148300</td>

                        
                    </tr>
                    <tr>
                        <td>
                                    <a href="#t-1946170106.0">Scenario: Request IBAN number of Norway</a>

                        </td>
                        
                            <td>
            100%
    </td>
    <td>
            <table class="timelineview" cellpadding="0" cellspacing="0">
        <tr>
    <td>
        <a class="bar colorSucceeded" 
           style="width: 199px;" 
           title="1 succeeded" 
                   ></a>
    </td>
        </tr>
    </table>

    </td>
    <td>1</td>
    <td>1</td>
    <td>0</td>
    <td>0</td>
    <td>0</td>
    <td>0</td>
        <td>00:00:00.2056827</td>

                        
                    </tr>
                    <tr>
                        <td>
                                    <a href="#t-528126496.0">Scenario: Request IBAN number of Denmark</a>

                        </td>
                        
                            <td>
            100%
    </td>
    <td>
            <table class="timelineview" cellpadding="0" cellspacing="0">
        <tr>
    <td>
        <a class="bar colorSucceeded" 
           style="width: 199px;" 
           title="1 succeeded" 
                   ></a>
    </td>
        </tr>
    </table>

    </td>
    <td>1</td>
    <td>1</td>
    <td>0</td>
    <td>0</td>
    <td>0</td>
    <td>0</td>
        <td>00:00:00.3064474</td>

                        
                    </tr>
                    <tr>
                        <td>
                                    <a href="#t-1562734261.0">Scenario: Request In-valid IBAN number less than Seven character</a>

                        </td>
                        
                            <td>
            100%
    </td>
    <td>
            <table class="timelineview" cellpadding="0" cellspacing="0">
        <tr>
    <td>
        <a class="bar colorSucceeded" 
           style="width: 199px;" 
           title="1 succeeded" 
                   ></a>
    </td>
        </tr>
    </table>

    </td>
    <td>1</td>
    <td>1</td>
    <td>0</td>
    <td>0</td>
    <td>0</td>
    <td>0</td>
        <td>00:00:00.1903816</td>

                        
                    </tr>
                    <tr>
                        <td>
                                    <a href="#t-122327292.0">Scenario: Request invalid but exactly Seven char IBAN with space character</a>
            <a href="#t-122327292.1">retry #1</a>
            <a href="#t-122327292.2">retry #2</a>

                        </td>
                        
                            <td>
            0%
    </td>
    <td>
            <table class="timelineview" cellpadding="0" cellspacing="0">
        <tr>
    <td>
        <a class="bar colorFailed" 
           style="width: 599px;" 
           title="1 failed" 
                          href="#error_summary"
        ></a>
    </td>
        </tr>
    </table>

    </td>
    <td>1 (test executions: 3)</td>
    <td>0</td>
    <td>3</td>
    <td>0</td>
    <td>0</td>
    <td>0</td>
        <td>00:00:00.6976242</td>

                        
                    </tr>
                    <tr>
                        <td>
                                    <a href="#t1999049493.0">Scenario: Request invalid but exactly Seven char IBAN with no space character</a>
            <a href="#t1999049493.1">retry #1</a>
            <a href="#t1999049493.2">retry #2</a>

                        </td>
                        
                            <td>
            0%
    </td>
    <td>
            <table class="timelineview" cellpadding="0" cellspacing="0">
        <tr>
    <td>
        <a class="bar colorFailed" 
           style="width: 599px;" 
           title="1 failed" 
                          href="#error_summary"
        ></a>
    </td>
        </tr>
    </table>

    </td>
    <td>1 (test executions: 3)</td>
    <td>0</td>
    <td>3</td>
    <td>0</td>
    <td>0</td>
    <td>0</td>
        <td>00:00:00.5669472</td>

                        
                    </tr>
                    <tr>
                        <td>
                                    <a href="#t1377656189.0">Scenario: Request valid but not supported IBAN which contains exactly Thirty Four character</a>
            <a href="#t1377656189.1">retry #1</a>
            <a href="#t1377656189.2">retry #2</a>

                        </td>
                        
                            <td>
            0%
    </td>
    <td>
            <table class="timelineview" cellpadding="0" cellspacing="0">
        <tr>
    <td>
        <a class="bar colorFailed" 
           style="width: 599px;" 
           title="1 failed" 
                          href="#error_summary"
        ></a>
    </td>
        </tr>
    </table>

    </td>
    <td>1 (test executions: 3)</td>
    <td>0</td>
    <td>3</td>
    <td>0</td>
    <td>0</td>
    <td>0</td>
        <td>00:00:00.6140727</td>

                        
                    </tr>
                    <tr>
                        <td>
                                    <a href="#t1471510313.0">Scenario: Request valid but not supported IBAN which contains less than Thirty Four character</a>
            <a href="#t1471510313.1">retry #1</a>
            <a href="#t1471510313.2">retry #2</a>

                        </td>
                        
                            <td>
            0%
    </td>
    <td>
            <table class="timelineview" cellpadding="0" cellspacing="0">
        <tr>
    <td>
        <a class="bar colorFailed" 
           style="width: 599px;" 
           title="1 failed" 
                          href="#error_summary"
        ></a>
    </td>
        </tr>
    </table>

    </td>
    <td>1 (test executions: 3)</td>
    <td>0</td>
    <td>3</td>
    <td>0</td>
    <td>0</td>
    <td>0</td>
        <td>00:00:00.5856137</td>

                        
                    </tr>
                    <tr>
                        <td>
                                    <a href="#t1136072968.0">Scenario: Request Invalid IBAN which contains exactly Thirty Four character</a>

                        </td>
                        
                            <td>
            100%
    </td>
    <td>
            <table class="timelineview" cellpadding="0" cellspacing="0">
        <tr>
    <td>
        <a class="bar colorSucceeded" 
           style="width: 199px;" 
           title="1 succeeded" 
                   ></a>
    </td>
        </tr>
    </table>

    </td>
    <td>1</td>
    <td>1</td>
    <td>0</td>
    <td>0</td>
    <td>0</td>
    <td>0</td>
        <td>00:00:00.1783884</td>

                        
                    </tr>
                    <tr>
                        <td>
                                    <a href="#t1075673924.0">Scenario: Request invalid and more than Thirty Four char IBAN</a>

                        </td>
                        
                            <td>
            100%
    </td>
    <td>
            <table class="timelineview" cellpadding="0" cellspacing="0">
        <tr>
    <td>
        <a class="bar colorSucceeded" 
           style="width: 199px;" 
           title="1 succeeded" 
                   ></a>
    </td>
        </tr>
    </table>

    </td>
    <td>1</td>
    <td>1</td>
    <td>0</td>
    <td>0</td>
    <td>0</td>
    <td>0</td>
        <td>00:00:00.1988033</td>

                        
                    </tr>
                    <tr>
                        <td>
                                    <a href="#t-16479561.0">Scenario: Request with null or empty IBAN</a>

                        </td>
                        
                            <td>
            100%
    </td>
    <td>
            <table class="timelineview" cellpadding="0" cellspacing="0">
        <tr>
    <td>
        <a class="bar colorSucceeded" 
           style="width: 199px;" 
           title="1 succeeded" 
                   ></a>
    </td>
        </tr>
    </table>

    </td>
    <td>1</td>
    <td>1</td>
    <td>0</td>
    <td>0</td>
    <td>0</td>
    <td>0</td>
        <td>00:00:00.1854863</td>

                        
                    </tr>
                    <tr>
                        <td>
                                    <a href="#t-1917351657.0">Scenario: Request with invalid IBAN</a>

                        </td>
                        
                            <td>
            100%
    </td>
    <td>
            <table class="timelineview" cellpadding="0" cellspacing="0">
        <tr>
    <td>
        <a class="bar colorSucceeded" 
           style="width: 199px;" 
           title="1 succeeded" 
                   ></a>
    </td>
        </tr>
    </table>

    </td>
    <td>1</td>
    <td>1</td>
    <td>0</td>
    <td>0</td>
    <td>0</td>
    <td>0</td>
        <td>00:00:00.1873477</td>

                        
                    </tr>
            </table>

        <h2>Execution Details</h2>
            <a name="t1382721109.0" />
            <h3>Scenario: Request with a valid JWT token (in PaymentAPIValidation, APIValidationTest)</h3>
                <div class="description">
                    tags: mytag
                </div>
            <ul>
                <li>Status: Succeeded</li>
                <li>Start time: 29/06/2020 0.11.08</li>
                <li>Execution time (sec): 0,3253716</li>
                <li>Thread: #0</li>
            </ul>
            <table class="testEvents">
                <tr>
                    <th>Steps</th>
                    <th>Trace</th>
                    <th>Result</th>
                </tr>
                    <tr>
                        <td>
                            <pre class="log">Given I have the following request body:
  --- multiline step argument ---
  {
    &quot;bankAccount&quot;: &quot;GB09HAOE91311808002317&quot;
  }</pre>
                        </td>
                        <td>
                            <!-- [TestArrange: Scenario - Request with a valid JWT token] -->
                            <pre class="log">done: APIValidationTestSteps.GivenIHaveTheFollowingRequestBody(&quot;{\r\n  &quot;bankAccou...&quot;) (0,0s)</pre>
                        </td>
                        <td>Succeeded in 0.036s</td>
                    </tr>
                    <tr>
                        <td>
                            <pre class="log">When I post this request with valid &#39;Q7DaxRnFls6IpwSW1SQ2FaTFOf7UdReAFNoKY68L&#39; key to the &#39;https://api-test.afterpay.dev/api/v3/validate/bank-account&#39; api</pre>
                        </td>
                        <td>
                            <!-- [TestAct: Scenario - Request with a valid JWT token] -->
                            <pre class="log">done: APIValidationTestSteps.WhenIPostThisRequestWithValidKeyToTheApiAsync(&quot;Q7DaxRnFls6IpwSW1...&quot;, &quot;https://api-test....&quot;) (0,2s)</pre>
                        </td>
                        <td>Succeeded in 0.23s</td>
                    </tr>
                    <tr>
                        <td>
                            <pre class="log">Then the result should be  : &quot;OK&quot;</pre>
                        </td>
                        <td>
                            <!-- [TestAssert: Scenario - Request with a valid JWT token] -->
                            <pre class="log">done: APIValidationTestSteps.ThenTheResultShouldBe(&quot;OK&quot;) (0,0s)</pre>
                        </td>
                        <td>Succeeded in 0.012s</td>
                    </tr>
            </table>
            <a name="t-1082841427.0" />
            <h3>Scenario: Request without a JWT token (in PaymentAPIValidation, APIValidationTest)</h3>
            <ul>
                <li>Status: Succeeded</li>
                <li>Start time: 29/06/2020 0.11.09</li>
                <li>Execution time (sec): 0,1931381</li>
                <li>Thread: #0</li>
            </ul>
            <table class="testEvents">
                <tr>
                    <th>Steps</th>
                    <th>Trace</th>
                    <th>Result</th>
                </tr>
                    <tr>
                        <td>
                            <pre class="log">Given I have the following request body:
  --- multiline step argument ---
  {
    &quot;bankAccount&quot;: &quot;GB09HAOE91311808002317&quot;
  }</pre>
                        </td>
                        <td>
                            <!-- [TestArrange: Scenario - Request without a JWT token] -->
                            <pre class="log">done: APIValidationTestSteps.GivenIHaveTheFollowingRequestBody(&quot;{\r\n  &quot;bankAccou...&quot;) (0,0s)</pre>
                        </td>
                        <td>Succeeded in 0.003s</td>
                    </tr>
                    <tr>
                        <td>
                            <pre class="log">When I post this request with empty &#39; &#39; key to the &#39;https://api-test.afterpay.dev/api/v3/validate/bank-account&#39; api</pre>
                        </td>
                        <td>
                            <!-- [TestAct: Scenario - Request without a JWT token] -->
                            <pre class="log">done: APIValidationTestSteps.WhenIPostThisRequestWithEmptyKeyToTheApiAsync(&quot; &quot;, &quot;https://api-test....&quot;) (0,2s)</pre>
                        </td>
                        <td>Succeeded in 0.183s</td>
                    </tr>
                    <tr>
                        <td>
                            <pre class="log">Then the response body description should include: &quot;Authorization has been denied for this request.&quot;</pre>
                        </td>
                        <td>
                            <!-- [TestAssert: Scenario - Request without a JWT token] -->
                            <pre class="log">done: APIValidationTestSteps.ThenTheResponseBodyDescriptionShouldInclude(&quot;Authorization has...&quot;) (0,0s)</pre>
                        </td>
                        <td>Succeeded in 0.003s</td>
                    </tr>
            </table>
            <a name="t-1924031982.0" />
            <h3>Scenario: Request with an invalid JWT token (in PaymentAPIValidation, APIValidationTest)</h3>
            <ul>
                <li>Status: Succeeded</li>
                <li>Start time: 29/06/2020 0.11.09</li>
                <li>Execution time (sec): 0,1803681</li>
                <li>Thread: #0</li>
            </ul>
            <table class="testEvents">
                <tr>
                    <th>Steps</th>
                    <th>Trace</th>
                    <th>Result</th>
                </tr>
                    <tr>
                        <td>
                            <pre class="log">Given I have the following request body:
  --- multiline step argument ---
  {
    &quot;bankAccount&quot;: &quot;GB09HAOE91311808002317&quot;
  }</pre>
                        </td>
                        <td>
                            <!-- [TestArrange: Scenario - Request with an invalid JWT token] -->
                            <pre class="log">done: APIValidationTestSteps.GivenIHaveTheFollowingRequestBody(&quot;{\r\n  &quot;bankAccou...&quot;) (0,0s)</pre>
                        </td>
                        <td>Succeeded in 0.006s</td>
                    </tr>
                    <tr>
                        <td>
                            <pre class="log">When I post this request with invalid &#39;Q7DaxRnFls6IpwSW1SQ2FaTFOf7UdReAFNoKY6&#39; key to the &#39;https://api-test.afterpay.dev/api/v3/validate/bank-account&#39; api</pre>
                        </td>
                        <td>
                            <!-- [TestAct: Scenario - Request with an invalid JWT token] -->
                            <pre class="log">done: APIValidationTestSteps.WhenIPostThisRequestWithInvalidKeyToTheApiAsync(&quot;Q7DaxRnFls6IpwSW1...&quot;, &quot;https://api-test....&quot;) (0,2s)</pre>
                        </td>
                        <td>Succeeded in 0.168s</td>
                    </tr>
                    <tr>
                        <td>
                            <pre class="log">Then the response body description for invalid JWT token should include : &quot;Authorization has been denied for this request.&quot;</pre>
                        </td>
                        <td>
                            <!-- [TestAssert: Scenario - Request with an invalid JWT token] -->
                            <pre class="log">done: APIValidationTestSteps.ThenTheResponseBodyDescriptionForInvalidJWTTokenShouldInclude(&quot;Authorization has...&quot;) (0,0s)</pre>
                        </td>
                        <td>Succeeded in 0.003s</td>
                    </tr>
            </table>
            <a name="t1695227573.0" />
            <h3>Scenario: Request IBAN number of Austria (in PaymentAPIValidation, APIValidationTest)</h3>
            <ul>
                <li>Status: Succeeded</li>
                <li>Start time: 29/06/2020 0.11.09</li>
                <li>Execution time (sec): 0,2059845</li>
                <li>Thread: #0</li>
            </ul>
            <table class="testEvents">
                <tr>
                    <th>Steps</th>
                    <th>Trace</th>
                    <th>Result</th>
                </tr>
                    <tr>
                        <td>
                            <pre class="log">Given I have the following request body:
  --- multiline step argument ---
  {
    &quot;bankAccount&quot;: &quot;AT61 1904 3002 3457 3201&quot;
  }</pre>
                        </td>
                        <td>
                            <!-- [TestArrange: Scenario - Request IBAN number of Austria] -->
                            <pre class="log">done: APIValidationTestSteps.GivenIHaveTheFollowingRequestBody(&quot;{\r\n  &quot;bankAccou...&quot;) (0,0s)</pre>
                        </td>
                        <td>Succeeded in 0.004s</td>
                    </tr>
                    <tr>
                        <td>
                            <pre class="log">When I post this request of Austria IBAN with valid &#39;Q7DaxRnFls6IpwSW1SQ2FaTFOf7UdReAFNoKY68L&#39; key to the &#39;https://api-test.afterpay.dev/api/v3/validate/bank-account&#39; api</pre>
                        </td>
                        <td>
                            <!-- [TestAct: Scenario - Request IBAN number of Austria] -->
                            <pre class="log">done: APIValidationTestSteps.WhenIPostThisRequestOfAustriaIBANWithValidKeyToTheApiAsync(&quot;Q7DaxRnFls6IpwSW1...&quot;, &quot;https://api-test....&quot;) (0,2s)</pre>
                        </td>
                        <td>Succeeded in 0.193s</td>
                    </tr>
                    <tr>
                        <td>
                            <pre class="log">Then Status Code for IBAN of Austria should be: (200)</pre>
                        </td>
                        <td>
                            <!-- [TestAssert: Scenario - Request IBAN number of Austria] -->
                            <pre class="log">done: APIValidationTestSteps.ThenStatusCodeForIBANOfAustriaShouldBe(200) (0,0s)</pre>
                        </td>
                        <td>Succeeded in 0.005s</td>
                    </tr>
            </table>
            <a name="t252822423.0" />
            <h3>Scenario: Request IBAN number of Germany (in PaymentAPIValidation, APIValidationTest)</h3>
            <ul>
                <li>Status: Succeeded</li>
                <li>Start time: 29/06/2020 0.11.09</li>
                <li>Execution time (sec): 0,2040114</li>
                <li>Thread: #0</li>
            </ul>
            <table class="testEvents">
                <tr>
                    <th>Steps</th>
                    <th>Trace</th>
                    <th>Result</th>
                </tr>
                    <tr>
                        <td>
                            <pre class="log">Given I have the following request body:
  --- multiline step argument ---
  {
    &quot;bankAccount&quot;: &quot;DE89 3704 0044 0532 0130 00&quot;
  }</pre>
                        </td>
                        <td>
                            <!-- [TestArrange: Scenario - Request IBAN number of Germany] -->
                            <pre class="log">done: APIValidationTestSteps.GivenIHaveTheFollowingRequestBody(&quot;{\r\n  &quot;bankAccou...&quot;) (0,0s)</pre>
                        </td>
                        <td>Succeeded in 0.006s</td>
                    </tr>
                    <tr>
                        <td>
                            <pre class="log">When I post this request of Germany with valid &#39;Q7DaxRnFls6IpwSW1SQ2FaTFOf7UdReAFNoKY68L&#39; key to the &#39;https://api-test.afterpay.dev/api/v3/validate/bank-account&#39; api</pre>
                        </td>
                        <td>
                            <!-- [TestAct: Scenario - Request IBAN number of Germany] -->
                            <pre class="log">done: APIValidationTestSteps.WhenIPostThisRequestOfGermanyWithValidKeyToTheApiAsync(&quot;Q7DaxRnFls6IpwSW1...&quot;, &quot;https://api-test....&quot;) (0,2s)</pre>
                        </td>
                        <td>Succeeded in 0.191s</td>
                    </tr>
                    <tr>
                        <td>
                            <pre class="log">Then Status Code for IBAN of Germany should be: (200)</pre>
                        </td>
                        <td>
                            <!-- [TestAssert: Scenario - Request IBAN number of Germany] -->
                            <pre class="log">done: APIValidationTestSteps.ThenStatusCodeForIBANOfGermanyShouldBe(200) (0,0s)</pre>
                        </td>
                        <td>Succeeded in 0.003s</td>
                    </tr>
            </table>
            <a name="t1458247395.0" />
            <h3>Scenario: Request IBAN number of Switzerland (in PaymentAPIValidation, APIValidationTest)</h3>
            <ul>
                <li>Status: Succeeded</li>
                <li>Start time: 29/06/2020 0.11.09</li>
                <li>Execution time (sec): 0,1991496</li>
                <li>Thread: #0</li>
            </ul>
            <table class="testEvents">
                <tr>
                    <th>Steps</th>
                    <th>Trace</th>
                    <th>Result</th>
                </tr>
                    <tr>
                        <td>
                            <pre class="log">Given I have the following request body:
  --- multiline step argument ---
  {
    &quot;bankAccount&quot;: &quot;CH 93 00762 011623852957&quot;
  }</pre>
                        </td>
                        <td>
                            <!-- [TestArrange: Scenario - Request IBAN number of Switzerland] -->
                            <pre class="log">done: APIValidationTestSteps.GivenIHaveTheFollowingRequestBody(&quot;{\r\n  &quot;bankAccou...&quot;) (0,0s)</pre>
                        </td>
                        <td>Succeeded in 0.005s</td>
                    </tr>
                    <tr>
                        <td>
                            <pre class="log">When I post this request of Switzerland with valid &#39;Q7DaxRnFls6IpwSW1SQ2FaTFOf7UdReAFNoKY68L&#39; key to the &#39;https://api-test.afterpay.dev/api/v3/validate/bank-account&#39; api</pre>
                        </td>
                        <td>
                            <!-- [TestAct: Scenario - Request IBAN number of Switzerland] -->
                            <pre class="log">done: APIValidationTestSteps.WhenIPostThisRequestOfSwitzerlandWithValidKeyToTheApiAsync(&quot;Q7DaxRnFls6IpwSW1...&quot;, &quot;https://api-test....&quot;) (0,2s)</pre>
                        </td>
                        <td>Succeeded in 0.185s</td>
                    </tr>
                    <tr>
                        <td>
                            <pre class="log">Then Status Code for IBAN of Switzerland should be: (200)</pre>
                        </td>
                        <td>
                            <!-- [TestAssert: Scenario - Request IBAN number of Switzerland] -->
                            <pre class="log">done: APIValidationTestSteps.ThenStatusCodeForIBANOfSwitzerlandShouldBe(200) (0,0s)</pre>
                        </td>
                        <td>Succeeded in 0.005s</td>
                    </tr>
            </table>
            <a name="t1932404512.0" />
            <h3>Scenario: Request IBAN number of Finland (in PaymentAPIValidation, APIValidationTest)</h3>
            <ul>
                <li>Status: Succeeded</li>
                <li>Start time: 29/06/2020 0.11.10</li>
                <li>Execution time (sec): 0,2447801</li>
                <li>Thread: #0</li>
            </ul>
            <table class="testEvents">
                <tr>
                    <th>Steps</th>
                    <th>Trace</th>
                    <th>Result</th>
                </tr>
                    <tr>
                        <td>
                            <pre class="log">Given I have the following request body:
  --- multiline step argument ---
  {
    &quot;bankAccount&quot;: &quot;FI2112345600000785&quot;
  }</pre>
                        </td>
                        <td>
                            <!-- [TestArrange: Scenario - Request IBAN number of Finland] -->
                            <pre class="log">done: APIValidationTestSteps.GivenIHaveTheFollowingRequestBody(&quot;{\r\n  &quot;bankAccou...&quot;) (0,0s)</pre>
                        </td>
                        <td>Succeeded in 0.005s</td>
                    </tr>
                    <tr>
                        <td>
                            <pre class="log">When I post this request of Finland with valid &#39;Q7DaxRnFls6IpwSW1SQ2FaTFOf7UdReAFNoKY68L&#39; key to the &#39;https://api-test.afterpay.dev/api/v3/validate/bank-account&#39; api</pre>
                        </td>
                        <td>
                            <!-- [TestAct: Scenario - Request IBAN number of Finland] -->
                            <pre class="log">done: APIValidationTestSteps.WhenIPostThisRequestOfFinlandWithValidKeyToTheApiAsync(&quot;Q7DaxRnFls6IpwSW1...&quot;, &quot;https://api-test....&quot;) (0,2s)</pre>
                        </td>
                        <td>Succeeded in 0.225s</td>
                    </tr>
                    <tr>
                        <td>
                            <pre class="log">Then Status Code for IBAN of Finland should be: (200)</pre>
                        </td>
                        <td>
                            <!-- [TestAssert: Scenario - Request IBAN number of Finland] -->
                            <pre class="log">done: APIValidationTestSteps.ThenStatusCodeForIBANOfFinlandShouldBe(200) (0,0s)</pre>
                        </td>
                        <td>Succeeded in 0.007s</td>
                    </tr>
            </table>
            <a name="t-795860220.0" />
            <h3>Scenario: Request IBAN number of Sweden (in PaymentAPIValidation, APIValidationTest)</h3>
            <ul>
                <li>Status: Succeeded</li>
                <li>Start time: 29/06/2020 0.11.10</li>
                <li>Execution time (sec): 0,21483</li>
                <li>Thread: #0</li>
            </ul>
            <table class="testEvents">
                <tr>
                    <th>Steps</th>
                    <th>Trace</th>
                    <th>Result</th>
                </tr>
                    <tr>
                        <td>
                            <pre class="log">Given I have the following request body:
  --- multiline step argument ---
  {
    &quot;bankAccount&quot;: &quot;SE45 5000 0000 0583 9825 7466&quot;
  }</pre>
                        </td>
                        <td>
                            <!-- [TestArrange: Scenario - Request IBAN number of Sweden] -->
                            <pre class="log">done: APIValidationTestSteps.GivenIHaveTheFollowingRequestBody(&quot;{\r\n  &quot;bankAccou...&quot;) (0,0s)</pre>
                        </td>
                        <td>Succeeded in 0.007s</td>
                    </tr>
                    <tr>
                        <td>
                            <pre class="log">When I post this request of Sweden with valid &#39;Q7DaxRnFls6IpwSW1SQ2FaTFOf7UdReAFNoKY68L&#39; key to the &#39;https://api-test.afterpay.dev/api/v3/validate/bank-account&#39; api</pre>
                        </td>
                        <td>
                            <!-- [TestAct: Scenario - Request IBAN number of Sweden] -->
                            <pre class="log">done: APIValidationTestSteps.WhenIPostThisRequestOfSwedenWithValidKeyToTheApiAsync(&quot;Q7DaxRnFls6IpwSW1...&quot;, &quot;https://api-test....&quot;) (0,2s)</pre>
                        </td>
                        <td>Succeeded in 0.195s</td>
                    </tr>
                    <tr>
                        <td>
                            <pre class="log">Then Status Code for IBAN of Sweden should be: (200)</pre>
                        </td>
                        <td>
                            <!-- [TestAssert: Scenario - Request IBAN number of Sweden] -->
                            <pre class="log">done: APIValidationTestSteps.ThenStatusCodeForIBANOfSwedenShouldBe(200) (0,0s)</pre>
                        </td>
                        <td>Succeeded in 0.003s</td>
                    </tr>
            </table>
            <a name="t-1946170106.0" />
            <h3>Scenario: Request IBAN number of Norway (in PaymentAPIValidation, APIValidationTest)</h3>
            <ul>
                <li>Status: Succeeded</li>
                <li>Start time: 29/06/2020 0.11.10</li>
                <li>Execution time (sec): 0,2056827</li>
                <li>Thread: #0</li>
            </ul>
            <table class="testEvents">
                <tr>
                    <th>Steps</th>
                    <th>Trace</th>
                    <th>Result</th>
                </tr>
                    <tr>
                        <td>
                            <pre class="log">Given I have the following request body:
  --- multiline step argument ---
  {
    &quot;bankAccount&quot;: &quot;NO93 8601 1117 947&quot;
  }</pre>
                        </td>
                        <td>
                            <!-- [TestArrange: Scenario - Request IBAN number of Norway] -->
                            <pre class="log">done: APIValidationTestSteps.GivenIHaveTheFollowingRequestBody(&quot;{\r\n  &quot;bankAccou...&quot;) (0,0s)</pre>
                        </td>
                        <td>Succeeded in 0.008s</td>
                    </tr>
                    <tr>
                        <td>
                            <pre class="log">When I post this request of Norway with valid &#39;Q7DaxRnFls6IpwSW1SQ2FaTFOf7UdReAFNoKY68L&#39; key to the &#39;https://api-test.afterpay.dev/api/v3/validate/bank-account&#39; api</pre>
                        </td>
                        <td>
                            <!-- [TestAct: Scenario - Request IBAN number of Norway] -->
                            <pre class="log">done: APIValidationTestSteps.WhenIPostThisRequestOfNorwayWithValidKeyToTheApiAsync(&quot;Q7DaxRnFls6IpwSW1...&quot;, &quot;https://api-test....&quot;) (0,2s)</pre>
                        </td>
                        <td>Succeeded in 0.19s</td>
                    </tr>
                    <tr>
                        <td>
                            <pre class="log">Then Status Code for IBAN of Norway should be: (200)</pre>
                        </td>
                        <td>
                            <!-- [TestAssert: Scenario - Request IBAN number of Norway] -->
                            <pre class="log">done: APIValidationTestSteps.ThenStatusCodeForIBANOfNorwayShouldBe(200) (0,0s)</pre>
                        </td>
                        <td>Succeeded in 0.003s</td>
                    </tr>
            </table>
            <a name="t-528126496.0" />
            <h3>Scenario: Request IBAN number of Denmark (in PaymentAPIValidation, APIValidationTest)</h3>
            <ul>
                <li>Status: Succeeded</li>
                <li>Start time: 29/06/2020 0.11.10</li>
                <li>Execution time (sec): 0,3064474</li>
                <li>Thread: #0</li>
            </ul>
            <table class="testEvents">
                <tr>
                    <th>Steps</th>
                    <th>Trace</th>
                    <th>Result</th>
                </tr>
                    <tr>
                        <td>
                            <pre class="log">Given I have the following request body:
  --- multiline step argument ---
  {
    &quot;bankAccount&quot;: &quot;DK50 0040 0440 1162 43&quot;
  }</pre>
                        </td>
                        <td>
                            <!-- [TestArrange: Scenario - Request IBAN number of Denmark] -->
                            <pre class="log">done: APIValidationTestSteps.GivenIHaveTheFollowingRequestBody(&quot;{\r\n  &quot;bankAccou...&quot;) (0,0s)</pre>
                        </td>
                        <td>Succeeded in 0.004s</td>
                    </tr>
                    <tr>
                        <td>
                            <pre class="log">When I post this request of Denmark  with valid &#39;Q7DaxRnFls6IpwSW1SQ2FaTFOf7UdReAFNoKY68L&#39; key to the &#39;https://api-test.afterpay.dev/api/v3/validate/bank-account&#39; api</pre>
                        </td>
                        <td>
                            <!-- [TestAct: Scenario - Request IBAN number of Denmark] -->
                            <pre class="log">done: APIValidationTestSteps.WhenIPostThisRequestOfDenmarkWithValidKeyToTheApiAsync(&quot;Q7DaxRnFls6IpwSW1...&quot;, &quot;https://api-test....&quot;) (0,3s)</pre>
                        </td>
                        <td>Succeeded in 0.296s</td>
                    </tr>
                    <tr>
                        <td>
                            <pre class="log">Then Status Code for IBAN of Denmark should be: (200)</pre>
                        </td>
                        <td>
                            <!-- [TestAssert: Scenario - Request IBAN number of Denmark] -->
                            <pre class="log">done: APIValidationTestSteps.ThenStatusCodeForIBANOfDenmarkShouldBe(200) (0,0s)</pre>
                        </td>
                        <td>Succeeded in 0.003s</td>
                    </tr>
            </table>
            <a name="t-1562734261.0" />
            <h3>Scenario: Request In-valid IBAN number less than Seven character (in PaymentAPIValidation, APIValidationTest)</h3>
            <ul>
                <li>Status: Succeeded</li>
                <li>Start time: 29/06/2020 0.11.11</li>
                <li>Execution time (sec): 0,1903816</li>
                <li>Thread: #0</li>
            </ul>
            <table class="testEvents">
                <tr>
                    <th>Steps</th>
                    <th>Trace</th>
                    <th>Result</th>
                </tr>
                    <tr>
                        <td>
                            <pre class="log">Given I have the following request body:
  --- multiline step argument ---
  {
    &quot;bankAccount&quot;: &quot;AL3JK&quot;
  }</pre>
                        </td>
                        <td>
                            <!-- [TestArrange: Scenario - Request In-valid IBAN number less than Seven character] -->
                            <pre class="log">done: APIValidationTestSteps.GivenIHaveTheFollowingRequestBody(&quot;{\r\n  &quot;bankAccou...&quot;) (0,0s)</pre>
                        </td>
                        <td>Succeeded in 0.004s</td>
                    </tr>
                    <tr>
                        <td>
                            <pre class="log">When I post this request of less than Seven character and invalid IBAN with valid &#39;Q7DaxRnFls6IpwSW1SQ2FaTFOf7UdReAFNoKY68L&#39; key to the &#39;https://api-test.afterpay.dev/api/v3/validate/bank-account&#39; api</pre>
                        </td>
                        <td>
                            <!-- [TestAct: Scenario - Request In-valid IBAN number less than Seven character] -->
                            <pre class="log">done: APIValidationTestSteps.WhenIPostThisRequestOfLessThanSevenCharacterAndInvalidIBANWithValidKeyToTheApiAsync(&quot;Q7DaxRnFls6IpwSW1...&quot;, &quot;https://api-test....&quot;) (0,2s)</pre>
                        </td>
                        <td>Succeeded in 0.177s</td>
                    </tr>
                    <tr>
                        <td>
                            <pre class="log">Then Message for In-valid IBAN number less than Seven character should be: &quot;A string value with minimum length 7 is required.&quot;</pre>
                        </td>
                        <td>
                            <!-- [TestAssert: Scenario - Request In-valid IBAN number less than Seven character] -->
                            <pre class="log">done: APIValidationTestSteps.ThenMessageForIn_ValidIBANNumberLessThanSevenCharacterShouldBe(&quot;A string value wi...&quot;) (0,0s)</pre>
                        </td>
                        <td>Succeeded in 0.004s</td>
                    </tr>
            </table>
            <a name="t-122327292.0" />
            <h3>Scenario: Request invalid but exactly Seven char IBAN with space character (in PaymentAPIValidation, APIValidationTest)</h3>
            <ul>
                <li>Status: Failed</li>
                <li>Start time: 29/06/2020 0.11.11</li>
                <li>Execution time (sec): 0,2927117</li>
                <li>Thread: #0</li>
                <li>Error: Assert.IsTrue failed. </li>
            </ul>
            <table class="testEvents">
                <tr>
                    <th>Steps</th>
                    <th>Trace</th>
                    <th>Result</th>
                </tr>
                    <tr>
                        <td>
                            <pre class="log">Given I have the following request body:
  --- multiline step argument ---
  {
    &quot;bankAccount&quot;: &quot;AL3J3 3&quot;
  }</pre>
                        </td>
                        <td>
                            <!-- [TestArrange: Scenario - Request invalid but exactly Seven char IBAN with space character] -->
                            <pre class="log">done: APIValidationTestSteps.GivenIHaveTheFollowingRequestBody(&quot;{\r\n  &quot;bankAccou...&quot;) (0,0s)</pre>
                        </td>
                        <td>Succeeded in 0.005s</td>
                    </tr>
                    <tr>
                        <td>
                            <pre class="log">When I post this request of invalid but exactly Seven char IBAN with space character with valid &#39;Q7DaxRnFls6IpwSW1SQ2FaTFOf7UdReAFNoKY68L&#39; key to the &#39;https://api-test.afterpay.dev/api/v3/validate/bank-account&#39; api</pre>
                        </td>
                        <td>
                            <!-- [TestAct: Scenario - Request invalid but exactly Seven char IBAN with space character] -->
                            <pre class="log">done: APIValidationTestSteps.WhenIPostThisRequestOfInvalidButExactlySevenCharIBANWithSpaceCharacterWithValidKeyToTheApiAsync(&quot;Q7DaxRnFls6IpwSW1...&quot;, &quot;https://api-test....&quot;) (0,2s)</pre>
                        </td>
                        <td>Succeeded in 0.197s</td>
                    </tr>
                    <tr>
                        <td>
                            <pre class="log">Then Message for invalid but exactly Seven char IBAN with space character should be: &quot;Value format is incorrect.&quot;</pre>
                        </td>
                        <td>
                            <!-- [TestAssert: Scenario - Request invalid but exactly Seven char IBAN with space character] -->
                            <pre class="log">error: Assert.IsTrue failed.</pre>
                                <div class="errorMessage">Assert.IsTrue failed. </div>
                                <pre class="stackTrace">Microsoft.VisualStudio.TestTools.UnitTesting.AssertFailedException: Assert.IsTrue failed. 
   at Microsoft.VisualStudio.TestTools.UnitTesting.Assert.HandleFail(String assertionName, String message, Object[] parameters)
   at Microsoft.VisualStudio.TestTools.UnitTesting.Assert.IsTrue(Boolean condition, String message, Object[] parameters)
   at Microsoft.VisualStudio.TestTools.UnitTesting.Assert.IsTrue(Boolean condition)
   at PaymentAPIValidation.APIValidationTestSteps.ThenMessageForInvalidButExactlySevenCharIBANWithSpaceCharacterShouldBe(String responseBody) in C:\Users\Bushra\source\repos\Final01\PaymentAPIValidation\PaymentAPIValidation\APIValidationTestSteps.cs:line 374
   at TechTalk.SpecFlow.Bindings.BindingInvoker.InvokeBinding(IBinding binding, IContextManager contextManager, Object[] arguments, ITestTracer testTracer, TimeSpan&amp; duration) in D:\a\1\s\TechTalk.SpecFlow\Bindings\BindingInvoker.cs:line 69
   at TechTalk.SpecFlow.Infrastructure.TestExecutionEngine.ExecuteStepMatch(BindingMatch match, Object[] arguments) in D:\a\1\s\TechTalk.SpecFlow\Infrastructure\TestExecutionEngine.cs:line 501
   at TechTalk.SpecRun.SpecFlowPlugin.Runtime.RunnerTestExecutionEngine.ExecuteStepMatch(BindingMatch match, Object[] arguments)
   at TechTalk.SpecFlow.Infrastructure.TestExecutionEngine.ExecuteStep(IContextManager contextManager, StepInstance stepInstance) in D:\a\1\s\TechTalk.SpecFlow\Infrastructure\TestExecutionEngine.cs:line 422
   at TechTalk.SpecFlow.Infrastructure.TestExecutionEngine.OnAfterLastStep() in D:\a\1\s\TechTalk.SpecFlow\Infrastructure\TestExecutionEngine.cs:line 256
   at TechTalk.SpecRun.SpecFlowPlugin.Runtime.RunnerTestExecutionEngine.OnAfterLastStep()
   at TechTalk.SpecFlow.TestRunner.CollectScenarioErrors() in D:\a\1\s\TechTalk.SpecFlow\TestRunner.cs:line 60
   at PaymentAPIValidation.APIValidationTestFeature.ScenarioCleanup()
   at PaymentAPIValidation.APIValidationTestFeature.RequestInvalidButExactlySevenCharIBANWithSpaceCharacter() in C:\Users\Bushra\source\repos\Final01\PaymentAPIValidation\PaymentAPIValidation\APIValidationTest.feature:line 125
   at TechTalk.SpecRun.Framework.TaskExecutors.StaticOrInstanceMethodExecutor.ExecuteInternal(ITestThreadExecutionContext testThreadExecutionContext)
   at TechTalk.SpecRun.Framework.TaskExecutors.StaticOrInstanceMethodExecutor.Execute(ITestThreadExecutionContext testThreadExecutionContext)
   at TechTalk.SpecRun.Framework.TestNodeTask.Execute()</pre>
                        </td>
                        <td>Failed in 0.086s</td>
                    </tr>
            </table>
            <a name="t-122327292.1" />
            <h3>Scenario: Request invalid but exactly Seven char IBAN with space character (in PaymentAPIValidation, APIValidationTest) retry #1</h3>
            <ul>
                <li>Status: Failed</li>
                <li>Start time: 29/06/2020 0.11.11</li>
                <li>Execution time (sec): 0,2102249</li>
                <li>Thread: #0</li>
                <li>Error: Assert.IsTrue failed. </li>
            </ul>
            <table class="testEvents">
                <tr>
                    <th>Steps</th>
                    <th>Trace</th>
                    <th>Result</th>
                </tr>
                    <tr>
                        <td>
                            <pre class="log">Given I have the following request body:
  --- multiline step argument ---
  {
    &quot;bankAccount&quot;: &quot;AL3J3 3&quot;
  }</pre>
                        </td>
                        <td>
                            <!-- [TestArrange: Scenario - Request invalid but exactly Seven char IBAN with space character] -->
                            <pre class="log">done: APIValidationTestSteps.GivenIHaveTheFollowingRequestBody(&quot;{\r\n  &quot;bankAccou...&quot;) (0,0s)</pre>
                        </td>
                        <td>Succeeded in 0.004s</td>
                    </tr>
                    <tr>
                        <td>
                            <pre class="log">When I post this request of invalid but exactly Seven char IBAN with space character with valid &#39;Q7DaxRnFls6IpwSW1SQ2FaTFOf7UdReAFNoKY68L&#39; key to the &#39;https://api-test.afterpay.dev/api/v3/validate/bank-account&#39; api</pre>
                        </td>
                        <td>
                            <!-- [TestAct: Scenario - Request invalid but exactly Seven char IBAN with space character] -->
                            <pre class="log">done: APIValidationTestSteps.WhenIPostThisRequestOfInvalidButExactlySevenCharIBANWithSpaceCharacterWithValidKeyToTheApiAsync(&quot;Q7DaxRnFls6IpwSW1...&quot;, &quot;https://api-test....&quot;) (0,2s)</pre>
                        </td>
                        <td>Succeeded in 0.198s</td>
                    </tr>
                    <tr>
                        <td>
                            <pre class="log">Then Message for invalid but exactly Seven char IBAN with space character should be: &quot;Value format is incorrect.&quot;</pre>
                        </td>
                        <td>
                            <!-- [TestAssert: Scenario - Request invalid but exactly Seven char IBAN with space character] -->
                            <pre class="log">error: Assert.IsTrue failed.</pre>
                                <div class="errorMessage">Assert.IsTrue failed. </div>
                                <pre class="stackTrace">Microsoft.VisualStudio.TestTools.UnitTesting.AssertFailedException: Assert.IsTrue failed. 
   at Microsoft.VisualStudio.TestTools.UnitTesting.Assert.HandleFail(String assertionName, String message, Object[] parameters)
   at Microsoft.VisualStudio.TestTools.UnitTesting.Assert.IsTrue(Boolean condition, String message, Object[] parameters)
   at Microsoft.VisualStudio.TestTools.UnitTesting.Assert.IsTrue(Boolean condition)
   at PaymentAPIValidation.APIValidationTestSteps.ThenMessageForInvalidButExactlySevenCharIBANWithSpaceCharacterShouldBe(String responseBody) in C:\Users\Bushra\source\repos\Final01\PaymentAPIValidation\PaymentAPIValidation\APIValidationTestSteps.cs:line 374
   at TechTalk.SpecFlow.Bindings.BindingInvoker.InvokeBinding(IBinding binding, IContextManager contextManager, Object[] arguments, ITestTracer testTracer, TimeSpan&amp; duration) in D:\a\1\s\TechTalk.SpecFlow\Bindings\BindingInvoker.cs:line 69
   at TechTalk.SpecFlow.Infrastructure.TestExecutionEngine.ExecuteStepMatch(BindingMatch match, Object[] arguments) in D:\a\1\s\TechTalk.SpecFlow\Infrastructure\TestExecutionEngine.cs:line 501
   at TechTalk.SpecRun.SpecFlowPlugin.Runtime.RunnerTestExecutionEngine.ExecuteStepMatch(BindingMatch match, Object[] arguments)
   at TechTalk.SpecFlow.Infrastructure.TestExecutionEngine.ExecuteStep(IContextManager contextManager, StepInstance stepInstance) in D:\a\1\s\TechTalk.SpecFlow\Infrastructure\TestExecutionEngine.cs:line 422
   at TechTalk.SpecFlow.Infrastructure.TestExecutionEngine.OnAfterLastStep() in D:\a\1\s\TechTalk.SpecFlow\Infrastructure\TestExecutionEngine.cs:line 256
   at TechTalk.SpecRun.SpecFlowPlugin.Runtime.RunnerTestExecutionEngine.OnAfterLastStep()
   at TechTalk.SpecFlow.TestRunner.CollectScenarioErrors() in D:\a\1\s\TechTalk.SpecFlow\TestRunner.cs:line 60
   at PaymentAPIValidation.APIValidationTestFeature.ScenarioCleanup()
   at PaymentAPIValidation.APIValidationTestFeature.RequestInvalidButExactlySevenCharIBANWithSpaceCharacter() in C:\Users\Bushra\source\repos\Final01\PaymentAPIValidation\PaymentAPIValidation\APIValidationTest.feature:line 125
   at TechTalk.SpecRun.Framework.TaskExecutors.StaticOrInstanceMethodExecutor.ExecuteInternal(ITestThreadExecutionContext testThreadExecutionContext)
   at TechTalk.SpecRun.Framework.TaskExecutors.StaticOrInstanceMethodExecutor.Execute(ITestThreadExecutionContext testThreadExecutionContext)
   at TechTalk.SpecRun.Framework.TestNodeTask.Execute()</pre>
                        </td>
                        <td>Failed in 0.005s</td>
                    </tr>
            </table>
            <a name="t-122327292.2" />
            <h3>Scenario: Request invalid but exactly Seven char IBAN with space character (in PaymentAPIValidation, APIValidationTest) retry #2</h3>
            <ul>
                <li>Status: Failed</li>
                <li>Start time: 29/06/2020 0.11.11</li>
                <li>Execution time (sec): 0,1946876</li>
                <li>Thread: #0</li>
                <li>Error: Assert.IsTrue failed. </li>
            </ul>
            <table class="testEvents">
                <tr>
                    <th>Steps</th>
                    <th>Trace</th>
                    <th>Result</th>
                </tr>
                    <tr>
                        <td>
                            <pre class="log">Given I have the following request body:
  --- multiline step argument ---
  {
    &quot;bankAccount&quot;: &quot;AL3J3 3&quot;
  }</pre>
                        </td>
                        <td>
                            <!-- [TestArrange: Scenario - Request invalid but exactly Seven char IBAN with space character] -->
                            <pre class="log">done: APIValidationTestSteps.GivenIHaveTheFollowingRequestBody(&quot;{\r\n  &quot;bankAccou...&quot;) (0,0s)</pre>
                        </td>
                        <td>Succeeded in 0.009s</td>
                    </tr>
                    <tr>
                        <td>
                            <pre class="log">When I post this request of invalid but exactly Seven char IBAN with space character with valid &#39;Q7DaxRnFls6IpwSW1SQ2FaTFOf7UdReAFNoKY68L&#39; key to the &#39;https://api-test.afterpay.dev/api/v3/validate/bank-account&#39; api</pre>
                        </td>
                        <td>
                            <!-- [TestAct: Scenario - Request invalid but exactly Seven char IBAN with space character] -->
                            <pre class="log">done: APIValidationTestSteps.WhenIPostThisRequestOfInvalidButExactlySevenCharIBANWithSpaceCharacterWithValidKeyToTheApiAsync(&quot;Q7DaxRnFls6IpwSW1...&quot;, &quot;https://api-test....&quot;) (0,2s)</pre>
                        </td>
                        <td>Succeeded in 0.179s</td>
                    </tr>
                    <tr>
                        <td>
                            <pre class="log">Then Message for invalid but exactly Seven char IBAN with space character should be: &quot;Value format is incorrect.&quot;</pre>
                        </td>
                        <td>
                            <!-- [TestAssert: Scenario - Request invalid but exactly Seven char IBAN with space character] -->
                            <pre class="log">error: Assert.IsTrue failed.</pre>
                                <div class="errorMessage">Assert.IsTrue failed. </div>
                                <pre class="stackTrace">Microsoft.VisualStudio.TestTools.UnitTesting.AssertFailedException: Assert.IsTrue failed. 
   at Microsoft.VisualStudio.TestTools.UnitTesting.Assert.HandleFail(String assertionName, String message, Object[] parameters)
   at Microsoft.VisualStudio.TestTools.UnitTesting.Assert.IsTrue(Boolean condition, String message, Object[] parameters)
   at Microsoft.VisualStudio.TestTools.UnitTesting.Assert.IsTrue(Boolean condition)
   at PaymentAPIValidation.APIValidationTestSteps.ThenMessageForInvalidButExactlySevenCharIBANWithSpaceCharacterShouldBe(String responseBody) in C:\Users\Bushra\source\repos\Final01\PaymentAPIValidation\PaymentAPIValidation\APIValidationTestSteps.cs:line 374
   at TechTalk.SpecFlow.Bindings.BindingInvoker.InvokeBinding(IBinding binding, IContextManager contextManager, Object[] arguments, ITestTracer testTracer, TimeSpan&amp; duration) in D:\a\1\s\TechTalk.SpecFlow\Bindings\BindingInvoker.cs:line 69
   at TechTalk.SpecFlow.Infrastructure.TestExecutionEngine.ExecuteStepMatch(BindingMatch match, Object[] arguments) in D:\a\1\s\TechTalk.SpecFlow\Infrastructure\TestExecutionEngine.cs:line 501
   at TechTalk.SpecRun.SpecFlowPlugin.Runtime.RunnerTestExecutionEngine.ExecuteStepMatch(BindingMatch match, Object[] arguments)
   at TechTalk.SpecFlow.Infrastructure.TestExecutionEngine.ExecuteStep(IContextManager contextManager, StepInstance stepInstance) in D:\a\1\s\TechTalk.SpecFlow\Infrastructure\TestExecutionEngine.cs:line 422
   at TechTalk.SpecFlow.Infrastructure.TestExecutionEngine.OnAfterLastStep() in D:\a\1\s\TechTalk.SpecFlow\Infrastructure\TestExecutionEngine.cs:line 256
   at TechTalk.SpecRun.SpecFlowPlugin.Runtime.RunnerTestExecutionEngine.OnAfterLastStep()
   at TechTalk.SpecFlow.TestRunner.CollectScenarioErrors() in D:\a\1\s\TechTalk.SpecFlow\TestRunner.cs:line 60
   at PaymentAPIValidation.APIValidationTestFeature.ScenarioCleanup()
   at PaymentAPIValidation.APIValidationTestFeature.RequestInvalidButExactlySevenCharIBANWithSpaceCharacter() in C:\Users\Bushra\source\repos\Final01\PaymentAPIValidation\PaymentAPIValidation\APIValidationTest.feature:line 125
   at TechTalk.SpecRun.Framework.TaskExecutors.StaticOrInstanceMethodExecutor.ExecuteInternal(ITestThreadExecutionContext testThreadExecutionContext)
   at TechTalk.SpecRun.Framework.TaskExecutors.StaticOrInstanceMethodExecutor.Execute(ITestThreadExecutionContext testThreadExecutionContext)
   at TechTalk.SpecRun.Framework.TestNodeTask.Execute()</pre>
                        </td>
                        <td>Failed in 0.004s</td>
                    </tr>
            </table>
            <a name="t1999049493.0" />
            <h3>Scenario: Request invalid but exactly Seven char IBAN with no space character (in PaymentAPIValidation, APIValidationTest)</h3>
            <ul>
                <li>Status: Failed</li>
                <li>Start time: 29/06/2020 0.11.11</li>
                <li>Execution time (sec): 0,1983255</li>
                <li>Thread: #0</li>
                <li>Error: Assert.IsTrue failed. </li>
            </ul>
            <table class="testEvents">
                <tr>
                    <th>Steps</th>
                    <th>Trace</th>
                    <th>Result</th>
                </tr>
                    <tr>
                        <td>
                            <pre class="log">Given I have the following request body:
  --- multiline step argument ---
  {
    &quot;bankAccount&quot;: &quot;AL3J333&quot;
  }</pre>
                        </td>
                        <td>
                            <!-- [TestArrange: Scenario - Request invalid but exactly Seven char IBAN with no space character] -->
                            <pre class="log">done: APIValidationTestSteps.GivenIHaveTheFollowingRequestBody(&quot;{\r\n  &quot;bankAccou...&quot;) (0,0s)</pre>
                        </td>
                        <td>Succeeded in 0.005s</td>
                    </tr>
                    <tr>
                        <td>
                            <pre class="log">When I post this request with invalid but exactly Seven char IBAN with no space character with valid &#39;Q7DaxRnFls6IpwSW1SQ2FaTFOf7UdReAFNoKY68L&#39; key to the &#39;https://api-test.afterpay.dev/api/v3/validate/bank-account&#39; api</pre>
                        </td>
                        <td>
                            <!-- [TestAct: Scenario - Request invalid but exactly Seven char IBAN with no space character] -->
                            <pre class="log">done: APIValidationTestSteps.WhenIPostThisRequestWithInvalidButExactlySevenCharIBANWithNoSpaceCharacterWithValidKeyToTheApiAsync(&quot;Q7DaxRnFls6IpwSW1...&quot;, &quot;https://api-test....&quot;) (0,2s)</pre>
                        </td>
                        <td>Succeeded in 0.186s</td>
                    </tr>
                    <tr>
                        <td>
                            <pre class="log">Then Message for invalid but exactly Seven char IBAN with no space character should be: &quot;Value format is incorrect.&quot;</pre>
                        </td>
                        <td>
                            <!-- [TestAssert: Scenario - Request invalid but exactly Seven char IBAN with no space character] -->
                            <pre class="log">error: Assert.IsTrue failed.</pre>
                                <div class="errorMessage">Assert.IsTrue failed. </div>
                                <pre class="stackTrace">Microsoft.VisualStudio.TestTools.UnitTesting.AssertFailedException: Assert.IsTrue failed. 
   at Microsoft.VisualStudio.TestTools.UnitTesting.Assert.HandleFail(String assertionName, String message, Object[] parameters)
   at Microsoft.VisualStudio.TestTools.UnitTesting.Assert.IsTrue(Boolean condition, String message, Object[] parameters)
   at Microsoft.VisualStudio.TestTools.UnitTesting.Assert.IsTrue(Boolean condition)
   at PaymentAPIValidation.APIValidationTestSteps.ThenMessageForInvalidButExactlySevenCharIBANWithNoSpaceCharacterShouldBe(String responseBody) in C:\Users\Bushra\source\repos\Final01\PaymentAPIValidation\PaymentAPIValidation\APIValidationTestSteps.cs:line 380
   at TechTalk.SpecFlow.Bindings.BindingInvoker.InvokeBinding(IBinding binding, IContextManager contextManager, Object[] arguments, ITestTracer testTracer, TimeSpan&amp; duration) in D:\a\1\s\TechTalk.SpecFlow\Bindings\BindingInvoker.cs:line 69
   at TechTalk.SpecFlow.Infrastructure.TestExecutionEngine.ExecuteStepMatch(BindingMatch match, Object[] arguments) in D:\a\1\s\TechTalk.SpecFlow\Infrastructure\TestExecutionEngine.cs:line 501
   at TechTalk.SpecRun.SpecFlowPlugin.Runtime.RunnerTestExecutionEngine.ExecuteStepMatch(BindingMatch match, Object[] arguments)
   at TechTalk.SpecFlow.Infrastructure.TestExecutionEngine.ExecuteStep(IContextManager contextManager, StepInstance stepInstance) in D:\a\1\s\TechTalk.SpecFlow\Infrastructure\TestExecutionEngine.cs:line 422
   at TechTalk.SpecFlow.Infrastructure.TestExecutionEngine.OnAfterLastStep() in D:\a\1\s\TechTalk.SpecFlow\Infrastructure\TestExecutionEngine.cs:line 256
   at TechTalk.SpecRun.SpecFlowPlugin.Runtime.RunnerTestExecutionEngine.OnAfterLastStep()
   at TechTalk.SpecFlow.TestRunner.CollectScenarioErrors() in D:\a\1\s\TechTalk.SpecFlow\TestRunner.cs:line 60
   at PaymentAPIValidation.APIValidationTestFeature.ScenarioCleanup()
   at PaymentAPIValidation.APIValidationTestFeature.RequestInvalidButExactlySevenCharIBANWithNoSpaceCharacter() in C:\Users\Bushra\source\repos\Final01\PaymentAPIValidation\PaymentAPIValidation\APIValidationTest.feature:line 135
   at TechTalk.SpecRun.Framework.TaskExecutors.StaticOrInstanceMethodExecutor.ExecuteInternal(ITestThreadExecutionContext testThreadExecutionContext)
   at TechTalk.SpecRun.Framework.TaskExecutors.StaticOrInstanceMethodExecutor.Execute(ITestThreadExecutionContext testThreadExecutionContext)
   at TechTalk.SpecRun.Framework.TestNodeTask.Execute()</pre>
                        </td>
                        <td>Failed in 0.004s</td>
                    </tr>
            </table>
            <a name="t1999049493.1" />
            <h3>Scenario: Request invalid but exactly Seven char IBAN with no space character (in PaymentAPIValidation, APIValidationTest) retry #1</h3>
            <ul>
                <li>Status: Failed</li>
                <li>Start time: 29/06/2020 0.11.12</li>
                <li>Execution time (sec): 0,191005</li>
                <li>Thread: #0</li>
                <li>Error: Assert.IsTrue failed. </li>
            </ul>
            <table class="testEvents">
                <tr>
                    <th>Steps</th>
                    <th>Trace</th>
                    <th>Result</th>
                </tr>
                    <tr>
                        <td>
                            <pre class="log">Given I have the following request body:
  --- multiline step argument ---
  {
    &quot;bankAccount&quot;: &quot;AL3J333&quot;
  }</pre>
                        </td>
                        <td>
                            <!-- [TestArrange: Scenario - Request invalid but exactly Seven char IBAN with no space character] -->
                            <pre class="log">done: APIValidationTestSteps.GivenIHaveTheFollowingRequestBody(&quot;{\r\n  &quot;bankAccou...&quot;) (0,0s)</pre>
                        </td>
                        <td>Succeeded in 0.003s</td>
                    </tr>
                    <tr>
                        <td>
                            <pre class="log">When I post this request with invalid but exactly Seven char IBAN with no space character with valid &#39;Q7DaxRnFls6IpwSW1SQ2FaTFOf7UdReAFNoKY68L&#39; key to the &#39;https://api-test.afterpay.dev/api/v3/validate/bank-account&#39; api</pre>
                        </td>
                        <td>
                            <!-- [TestAct: Scenario - Request invalid but exactly Seven char IBAN with no space character] -->
                            <pre class="log">done: APIValidationTestSteps.WhenIPostThisRequestWithInvalidButExactlySevenCharIBANWithNoSpaceCharacterWithValidKeyToTheApiAsync(&quot;Q7DaxRnFls6IpwSW1...&quot;, &quot;https://api-test....&quot;) (0,2s)</pre>
                        </td>
                        <td>Succeeded in 0.182s</td>
                    </tr>
                    <tr>
                        <td>
                            <pre class="log">Then Message for invalid but exactly Seven char IBAN with no space character should be: &quot;Value format is incorrect.&quot;</pre>
                        </td>
                        <td>
                            <!-- [TestAssert: Scenario - Request invalid but exactly Seven char IBAN with no space character] -->
                            <pre class="log">error: Assert.IsTrue failed.</pre>
                                <div class="errorMessage">Assert.IsTrue failed. </div>
                                <pre class="stackTrace">Microsoft.VisualStudio.TestTools.UnitTesting.AssertFailedException: Assert.IsTrue failed. 
   at Microsoft.VisualStudio.TestTools.UnitTesting.Assert.HandleFail(String assertionName, String message, Object[] parameters)
   at Microsoft.VisualStudio.TestTools.UnitTesting.Assert.IsTrue(Boolean condition, String message, Object[] parameters)
   at Microsoft.VisualStudio.TestTools.UnitTesting.Assert.IsTrue(Boolean condition)
   at PaymentAPIValidation.APIValidationTestSteps.ThenMessageForInvalidButExactlySevenCharIBANWithNoSpaceCharacterShouldBe(String responseBody) in C:\Users\Bushra\source\repos\Final01\PaymentAPIValidation\PaymentAPIValidation\APIValidationTestSteps.cs:line 380
   at TechTalk.SpecFlow.Bindings.BindingInvoker.InvokeBinding(IBinding binding, IContextManager contextManager, Object[] arguments, ITestTracer testTracer, TimeSpan&amp; duration) in D:\a\1\s\TechTalk.SpecFlow\Bindings\BindingInvoker.cs:line 69
   at TechTalk.SpecFlow.Infrastructure.TestExecutionEngine.ExecuteStepMatch(BindingMatch match, Object[] arguments) in D:\a\1\s\TechTalk.SpecFlow\Infrastructure\TestExecutionEngine.cs:line 501
   at TechTalk.SpecRun.SpecFlowPlugin.Runtime.RunnerTestExecutionEngine.ExecuteStepMatch(BindingMatch match, Object[] arguments)
   at TechTalk.SpecFlow.Infrastructure.TestExecutionEngine.ExecuteStep(IContextManager contextManager, StepInstance stepInstance) in D:\a\1\s\TechTalk.SpecFlow\Infrastructure\TestExecutionEngine.cs:line 422
   at TechTalk.SpecFlow.Infrastructure.TestExecutionEngine.OnAfterLastStep() in D:\a\1\s\TechTalk.SpecFlow\Infrastructure\TestExecutionEngine.cs:line 256
   at TechTalk.SpecRun.SpecFlowPlugin.Runtime.RunnerTestExecutionEngine.OnAfterLastStep()
   at TechTalk.SpecFlow.TestRunner.CollectScenarioErrors() in D:\a\1\s\TechTalk.SpecFlow\TestRunner.cs:line 60
   at PaymentAPIValidation.APIValidationTestFeature.ScenarioCleanup()
   at PaymentAPIValidation.APIValidationTestFeature.RequestInvalidButExactlySevenCharIBANWithNoSpaceCharacter() in C:\Users\Bushra\source\repos\Final01\PaymentAPIValidation\PaymentAPIValidation\APIValidationTest.feature:line 135
   at TechTalk.SpecRun.Framework.TaskExecutors.StaticOrInstanceMethodExecutor.ExecuteInternal(ITestThreadExecutionContext testThreadExecutionContext)
   at TechTalk.SpecRun.Framework.TaskExecutors.StaticOrInstanceMethodExecutor.Execute(ITestThreadExecutionContext testThreadExecutionContext)
   at TechTalk.SpecRun.Framework.TestNodeTask.Execute()</pre>
                        </td>
                        <td>Failed in 0.003s</td>
                    </tr>
            </table>
            <a name="t1999049493.2" />
            <h3>Scenario: Request invalid but exactly Seven char IBAN with no space character (in PaymentAPIValidation, APIValidationTest) retry #2</h3>
            <ul>
                <li>Status: Failed</li>
                <li>Start time: 29/06/2020 0.11.12</li>
                <li>Execution time (sec): 0,1776167</li>
                <li>Thread: #0</li>
                <li>Error: Assert.IsTrue failed. </li>
            </ul>
            <table class="testEvents">
                <tr>
                    <th>Steps</th>
                    <th>Trace</th>
                    <th>Result</th>
                </tr>
                    <tr>
                        <td>
                            <pre class="log">Given I have the following request body:
  --- multiline step argument ---
  {
    &quot;bankAccount&quot;: &quot;AL3J333&quot;
  }</pre>
                        </td>
                        <td>
                            <!-- [TestArrange: Scenario - Request invalid but exactly Seven char IBAN with no space character] -->
                            <pre class="log">done: APIValidationTestSteps.GivenIHaveTheFollowingRequestBody(&quot;{\r\n  &quot;bankAccou...&quot;) (0,0s)</pre>
                        </td>
                        <td>Succeeded in 0.004s</td>
                    </tr>
                    <tr>
                        <td>
                            <pre class="log">When I post this request with invalid but exactly Seven char IBAN with no space character with valid &#39;Q7DaxRnFls6IpwSW1SQ2FaTFOf7UdReAFNoKY68L&#39; key to the &#39;https://api-test.afterpay.dev/api/v3/validate/bank-account&#39; api</pre>
                        </td>
                        <td>
                            <!-- [TestAct: Scenario - Request invalid but exactly Seven char IBAN with no space character] -->
                            <pre class="log">done: APIValidationTestSteps.WhenIPostThisRequestWithInvalidButExactlySevenCharIBANWithNoSpaceCharacterWithValidKeyToTheApiAsync(&quot;Q7DaxRnFls6IpwSW1...&quot;, &quot;https://api-test....&quot;) (0,2s)</pre>
                        </td>
                        <td>Succeeded in 0.168s</td>
                    </tr>
                    <tr>
                        <td>
                            <pre class="log">Then Message for invalid but exactly Seven char IBAN with no space character should be: &quot;Value format is incorrect.&quot;</pre>
                        </td>
                        <td>
                            <!-- [TestAssert: Scenario - Request invalid but exactly Seven char IBAN with no space character] -->
                            <pre class="log">error: Assert.IsTrue failed.</pre>
                                <div class="errorMessage">Assert.IsTrue failed. </div>
                                <pre class="stackTrace">Microsoft.VisualStudio.TestTools.UnitTesting.AssertFailedException: Assert.IsTrue failed. 
   at Microsoft.VisualStudio.TestTools.UnitTesting.Assert.HandleFail(String assertionName, String message, Object[] parameters)
   at Microsoft.VisualStudio.TestTools.UnitTesting.Assert.IsTrue(Boolean condition, String message, Object[] parameters)
   at Microsoft.VisualStudio.TestTools.UnitTesting.Assert.IsTrue(Boolean condition)
   at PaymentAPIValidation.APIValidationTestSteps.ThenMessageForInvalidButExactlySevenCharIBANWithNoSpaceCharacterShouldBe(String responseBody) in C:\Users\Bushra\source\repos\Final01\PaymentAPIValidation\PaymentAPIValidation\APIValidationTestSteps.cs:line 380
   at TechTalk.SpecFlow.Bindings.BindingInvoker.InvokeBinding(IBinding binding, IContextManager contextManager, Object[] arguments, ITestTracer testTracer, TimeSpan&amp; duration) in D:\a\1\s\TechTalk.SpecFlow\Bindings\BindingInvoker.cs:line 69
   at TechTalk.SpecFlow.Infrastructure.TestExecutionEngine.ExecuteStepMatch(BindingMatch match, Object[] arguments) in D:\a\1\s\TechTalk.SpecFlow\Infrastructure\TestExecutionEngine.cs:line 501
   at TechTalk.SpecRun.SpecFlowPlugin.Runtime.RunnerTestExecutionEngine.ExecuteStepMatch(BindingMatch match, Object[] arguments)
   at TechTalk.SpecFlow.Infrastructure.TestExecutionEngine.ExecuteStep(IContextManager contextManager, StepInstance stepInstance) in D:\a\1\s\TechTalk.SpecFlow\Infrastructure\TestExecutionEngine.cs:line 422
   at TechTalk.SpecFlow.Infrastructure.TestExecutionEngine.OnAfterLastStep() in D:\a\1\s\TechTalk.SpecFlow\Infrastructure\TestExecutionEngine.cs:line 256
   at TechTalk.SpecRun.SpecFlowPlugin.Runtime.RunnerTestExecutionEngine.OnAfterLastStep()
   at TechTalk.SpecFlow.TestRunner.CollectScenarioErrors() in D:\a\1\s\TechTalk.SpecFlow\TestRunner.cs:line 60
   at PaymentAPIValidation.APIValidationTestFeature.ScenarioCleanup()
   at PaymentAPIValidation.APIValidationTestFeature.RequestInvalidButExactlySevenCharIBANWithNoSpaceCharacter() in C:\Users\Bushra\source\repos\Final01\PaymentAPIValidation\PaymentAPIValidation\APIValidationTest.feature:line 135
   at TechTalk.SpecRun.Framework.TaskExecutors.StaticOrInstanceMethodExecutor.ExecuteInternal(ITestThreadExecutionContext testThreadExecutionContext)
   at TechTalk.SpecRun.Framework.TaskExecutors.StaticOrInstanceMethodExecutor.Execute(ITestThreadExecutionContext testThreadExecutionContext)
   at TechTalk.SpecRun.Framework.TestNodeTask.Execute()</pre>
                        </td>
                        <td>Failed in 0.003s</td>
                    </tr>
            </table>
            <a name="t1377656189.0" />
            <h3>Scenario: Request valid but not supported IBAN which contains exactly Thirty Four character (in PaymentAPIValidation, APIValidationTest)</h3>
            <ul>
                <li>Status: Failed</li>
                <li>Start time: 29/06/2020 0.11.12</li>
                <li>Execution time (sec): 0,2063947</li>
                <li>Thread: #0</li>
                <li>Error: Assert.IsTrue failed. </li>
            </ul>
            <table class="testEvents">
                <tr>
                    <th>Steps</th>
                    <th>Trace</th>
                    <th>Result</th>
                </tr>
                    <tr>
                        <td>
                            <pre class="log">Given I have the following request body:
  --- multiline step argument ---
  {
    &quot;bankAccount&quot;: &quot;AL35 2021 1109 0000 0000 0123 4567&quot;
  }</pre>
                        </td>
                        <td>
                            <!-- [TestArrange: Scenario - Request valid but not supported IBAN which contains exactly Thirty Four character] -->
                            <pre class="log">done: APIValidationTestSteps.GivenIHaveTheFollowingRequestBody(&quot;{\r\n  &quot;bankAccou...&quot;) (0,0s)</pre>
                        </td>
                        <td>Succeeded in 0.004s</td>
                    </tr>
                    <tr>
                        <td>
                            <pre class="log">When I post this request with valid but not supported IBAN which contains exactly Thirty Four character  with valid &#39;Q7DaxRnFls6IpwSW1SQ2FaTFOf7UdReAFNoKY68L&#39; key to the &#39;https://api-test.afterpay.dev/api/v3/validate/bank-account&#39; api</pre>
                        </td>
                        <td>
                            <!-- [TestAct: Scenario - Request valid but not supported IBAN which contains exactly Thirty Four character] -->
                            <pre class="log">done: APIValidationTestSteps.WhenIPostThisRequestWithValidButNotSupportedIBANWhichContainsExactlyThirtyFourCharacterWithValidKeyToTheApiAsync(&quot;Q7DaxRnFls6IpwSW1...&quot;, &quot;https://api-test....&quot;) (0,2s)</pre>
                        </td>
                        <td>Succeeded in 0.193s</td>
                    </tr>
                    <tr>
                        <td>
                            <pre class="log">Then Response body for valid but not supported IBAN which contains exactly Thirty Four character  should contain: &quot;false&quot;</pre>
                        </td>
                        <td>
                            <!-- [TestAssert: Scenario - Request valid but not supported IBAN which contains exactly Thirty Four character] -->
                            <pre class="log">error: Assert.IsTrue failed.</pre>
                                <div class="errorMessage">Assert.IsTrue failed. </div>
                                <pre class="stackTrace">Microsoft.VisualStudio.TestTools.UnitTesting.AssertFailedException: Assert.IsTrue failed. 
   at Microsoft.VisualStudio.TestTools.UnitTesting.Assert.HandleFail(String assertionName, String message, Object[] parameters)
   at Microsoft.VisualStudio.TestTools.UnitTesting.Assert.IsTrue(Boolean condition, String message, Object[] parameters)
   at Microsoft.VisualStudio.TestTools.UnitTesting.Assert.IsTrue(Boolean condition)
   at PaymentAPIValidation.APIValidationTestSteps.ThenResponseBodyForValidButNotSupportedIBANWhichContainsExactlyThirtyFourCharacterShouldContain(String responseBody) in C:\Users\Bushra\source\repos\Final01\PaymentAPIValidation\PaymentAPIValidation\APIValidationTestSteps.cs:line 386
   at TechTalk.SpecFlow.Bindings.BindingInvoker.InvokeBinding(IBinding binding, IContextManager contextManager, Object[] arguments, ITestTracer testTracer, TimeSpan&amp; duration) in D:\a\1\s\TechTalk.SpecFlow\Bindings\BindingInvoker.cs:line 69
   at TechTalk.SpecFlow.Infrastructure.TestExecutionEngine.ExecuteStepMatch(BindingMatch match, Object[] arguments) in D:\a\1\s\TechTalk.SpecFlow\Infrastructure\TestExecutionEngine.cs:line 501
   at TechTalk.SpecRun.SpecFlowPlugin.Runtime.RunnerTestExecutionEngine.ExecuteStepMatch(BindingMatch match, Object[] arguments)
   at TechTalk.SpecFlow.Infrastructure.TestExecutionEngine.ExecuteStep(IContextManager contextManager, StepInstance stepInstance) in D:\a\1\s\TechTalk.SpecFlow\Infrastructure\TestExecutionEngine.cs:line 422
   at TechTalk.SpecFlow.Infrastructure.TestExecutionEngine.OnAfterLastStep() in D:\a\1\s\TechTalk.SpecFlow\Infrastructure\TestExecutionEngine.cs:line 256
   at TechTalk.SpecRun.SpecFlowPlugin.Runtime.RunnerTestExecutionEngine.OnAfterLastStep()
   at TechTalk.SpecFlow.TestRunner.CollectScenarioErrors() in D:\a\1\s\TechTalk.SpecFlow\TestRunner.cs:line 60
   at PaymentAPIValidation.APIValidationTestFeature.ScenarioCleanup()
   at PaymentAPIValidation.APIValidationTestFeature.RequestValidButNotSupportedIBANWhichContainsExactlyThirtyFourCharacter() in C:\Users\Bushra\source\repos\Final01\PaymentAPIValidation\PaymentAPIValidation\APIValidationTest.feature:line 145
   at TechTalk.SpecRun.Framework.TaskExecutors.StaticOrInstanceMethodExecutor.ExecuteInternal(ITestThreadExecutionContext testThreadExecutionContext)
   at TechTalk.SpecRun.Framework.TaskExecutors.StaticOrInstanceMethodExecutor.Execute(ITestThreadExecutionContext testThreadExecutionContext)
   at TechTalk.SpecRun.Framework.TestNodeTask.Execute()</pre>
                        </td>
                        <td>Failed in 0.005s</td>
                    </tr>
            </table>
            <a name="t1377656189.1" />
            <h3>Scenario: Request valid but not supported IBAN which contains exactly Thirty Four character (in PaymentAPIValidation, APIValidationTest) retry #1</h3>
            <ul>
                <li>Status: Failed</li>
                <li>Start time: 29/06/2020 0.11.12</li>
                <li>Execution time (sec): 0,2101865</li>
                <li>Thread: #0</li>
                <li>Error: Assert.IsTrue failed. </li>
            </ul>
            <table class="testEvents">
                <tr>
                    <th>Steps</th>
                    <th>Trace</th>
                    <th>Result</th>
                </tr>
                    <tr>
                        <td>
                            <pre class="log">Given I have the following request body:
  --- multiline step argument ---
  {
    &quot;bankAccount&quot;: &quot;AL35 2021 1109 0000 0000 0123 4567&quot;
  }</pre>
                        </td>
                        <td>
                            <!-- [TestArrange: Scenario - Request valid but not supported IBAN which contains exactly Thirty Four character] -->
                            <pre class="log">done: APIValidationTestSteps.GivenIHaveTheFollowingRequestBody(&quot;{\r\n  &quot;bankAccou...&quot;) (0,0s)</pre>
                        </td>
                        <td>Succeeded in 0.009s</td>
                    </tr>
                    <tr>
                        <td>
                            <pre class="log">When I post this request with valid but not supported IBAN which contains exactly Thirty Four character  with valid &#39;Q7DaxRnFls6IpwSW1SQ2FaTFOf7UdReAFNoKY68L&#39; key to the &#39;https://api-test.afterpay.dev/api/v3/validate/bank-account&#39; api</pre>
                        </td>
                        <td>
                            <!-- [TestAct: Scenario - Request valid but not supported IBAN which contains exactly Thirty Four character] -->
                            <pre class="log">done: APIValidationTestSteps.WhenIPostThisRequestWithValidButNotSupportedIBANWhichContainsExactlyThirtyFourCharacterWithValidKeyToTheApiAsync(&quot;Q7DaxRnFls6IpwSW1...&quot;, &quot;https://api-test....&quot;) (0,2s)</pre>
                        </td>
                        <td>Succeeded in 0.186s</td>
                    </tr>
                    <tr>
                        <td>
                            <pre class="log">Then Response body for valid but not supported IBAN which contains exactly Thirty Four character  should contain: &quot;false&quot;</pre>
                        </td>
                        <td>
                            <!-- [TestAssert: Scenario - Request valid but not supported IBAN which contains exactly Thirty Four character] -->
                            <pre class="log">error: Assert.IsTrue failed.</pre>
                                <div class="errorMessage">Assert.IsTrue failed. </div>
                                <pre class="stackTrace">Microsoft.VisualStudio.TestTools.UnitTesting.AssertFailedException: Assert.IsTrue failed. 
   at Microsoft.VisualStudio.TestTools.UnitTesting.Assert.HandleFail(String assertionName, String message, Object[] parameters)
   at Microsoft.VisualStudio.TestTools.UnitTesting.Assert.IsTrue(Boolean condition, String message, Object[] parameters)
   at Microsoft.VisualStudio.TestTools.UnitTesting.Assert.IsTrue(Boolean condition)
   at PaymentAPIValidation.APIValidationTestSteps.ThenResponseBodyForValidButNotSupportedIBANWhichContainsExactlyThirtyFourCharacterShouldContain(String responseBody) in C:\Users\Bushra\source\repos\Final01\PaymentAPIValidation\PaymentAPIValidation\APIValidationTestSteps.cs:line 386
   at TechTalk.SpecFlow.Bindings.BindingInvoker.InvokeBinding(IBinding binding, IContextManager contextManager, Object[] arguments, ITestTracer testTracer, TimeSpan&amp; duration) in D:\a\1\s\TechTalk.SpecFlow\Bindings\BindingInvoker.cs:line 69
   at TechTalk.SpecFlow.Infrastructure.TestExecutionEngine.ExecuteStepMatch(BindingMatch match, Object[] arguments) in D:\a\1\s\TechTalk.SpecFlow\Infrastructure\TestExecutionEngine.cs:line 501
   at TechTalk.SpecRun.SpecFlowPlugin.Runtime.RunnerTestExecutionEngine.ExecuteStepMatch(BindingMatch match, Object[] arguments)
   at TechTalk.SpecFlow.Infrastructure.TestExecutionEngine.ExecuteStep(IContextManager contextManager, StepInstance stepInstance) in D:\a\1\s\TechTalk.SpecFlow\Infrastructure\TestExecutionEngine.cs:line 422
   at TechTalk.SpecFlow.Infrastructure.TestExecutionEngine.OnAfterLastStep() in D:\a\1\s\TechTalk.SpecFlow\Infrastructure\TestExecutionEngine.cs:line 256
   at TechTalk.SpecRun.SpecFlowPlugin.Runtime.RunnerTestExecutionEngine.OnAfterLastStep()
   at TechTalk.SpecFlow.TestRunner.CollectScenarioErrors() in D:\a\1\s\TechTalk.SpecFlow\TestRunner.cs:line 60
   at PaymentAPIValidation.APIValidationTestFeature.ScenarioCleanup()
   at PaymentAPIValidation.APIValidationTestFeature.RequestValidButNotSupportedIBANWhichContainsExactlyThirtyFourCharacter() in C:\Users\Bushra\source\repos\Final01\PaymentAPIValidation\PaymentAPIValidation\APIValidationTest.feature:line 145
   at TechTalk.SpecRun.Framework.TaskExecutors.StaticOrInstanceMethodExecutor.ExecuteInternal(ITestThreadExecutionContext testThreadExecutionContext)
   at TechTalk.SpecRun.Framework.TaskExecutors.StaticOrInstanceMethodExecutor.Execute(ITestThreadExecutionContext testThreadExecutionContext)
   at TechTalk.SpecRun.Framework.TestNodeTask.Execute()</pre>
                        </td>
                        <td>Failed in 0.012s</td>
                    </tr>
            </table>
            <a name="t1377656189.2" />
            <h3>Scenario: Request valid but not supported IBAN which contains exactly Thirty Four character (in PaymentAPIValidation, APIValidationTest) retry #2</h3>
            <ul>
                <li>Status: Failed</li>
                <li>Start time: 29/06/2020 0.11.12</li>
                <li>Execution time (sec): 0,1974915</li>
                <li>Thread: #0</li>
                <li>Error: Assert.IsTrue failed. </li>
            </ul>
            <table class="testEvents">
                <tr>
                    <th>Steps</th>
                    <th>Trace</th>
                    <th>Result</th>
                </tr>
                    <tr>
                        <td>
                            <pre class="log">Given I have the following request body:
  --- multiline step argument ---
  {
    &quot;bankAccount&quot;: &quot;AL35 2021 1109 0000 0000 0123 4567&quot;
  }</pre>
                        </td>
                        <td>
                            <!-- [TestArrange: Scenario - Request valid but not supported IBAN which contains exactly Thirty Four character] -->
                            <pre class="log">done: APIValidationTestSteps.GivenIHaveTheFollowingRequestBody(&quot;{\r\n  &quot;bankAccou...&quot;) (0,0s)</pre>
                        </td>
                        <td>Succeeded in 0.002s</td>
                    </tr>
                    <tr>
                        <td>
                            <pre class="log">When I post this request with valid but not supported IBAN which contains exactly Thirty Four character  with valid &#39;Q7DaxRnFls6IpwSW1SQ2FaTFOf7UdReAFNoKY68L&#39; key to the &#39;https://api-test.afterpay.dev/api/v3/validate/bank-account&#39; api</pre>
                        </td>
                        <td>
                            <!-- [TestAct: Scenario - Request valid but not supported IBAN which contains exactly Thirty Four character] -->
                            <pre class="log">done: APIValidationTestSteps.WhenIPostThisRequestWithValidButNotSupportedIBANWhichContainsExactlyThirtyFourCharacterWithValidKeyToTheApiAsync(&quot;Q7DaxRnFls6IpwSW1...&quot;, &quot;https://api-test....&quot;) (0,2s)</pre>
                        </td>
                        <td>Succeeded in 0.186s</td>
                    </tr>
                    <tr>
                        <td>
                            <pre class="log">Then Response body for valid but not supported IBAN which contains exactly Thirty Four character  should contain: &quot;false&quot;</pre>
                        </td>
                        <td>
                            <!-- [TestAssert: Scenario - Request valid but not supported IBAN which contains exactly Thirty Four character] -->
                            <pre class="log">error: Assert.IsTrue failed.</pre>
                                <div class="errorMessage">Assert.IsTrue failed. </div>
                                <pre class="stackTrace">Microsoft.VisualStudio.TestTools.UnitTesting.AssertFailedException: Assert.IsTrue failed. 
   at Microsoft.VisualStudio.TestTools.UnitTesting.Assert.HandleFail(String assertionName, String message, Object[] parameters)
   at Microsoft.VisualStudio.TestTools.UnitTesting.Assert.IsTrue(Boolean condition, String message, Object[] parameters)
   at Microsoft.VisualStudio.TestTools.UnitTesting.Assert.IsTrue(Boolean condition)
   at PaymentAPIValidation.APIValidationTestSteps.ThenResponseBodyForValidButNotSupportedIBANWhichContainsExactlyThirtyFourCharacterShouldContain(String responseBody) in C:\Users\Bushra\source\repos\Final01\PaymentAPIValidation\PaymentAPIValidation\APIValidationTestSteps.cs:line 386
   at TechTalk.SpecFlow.Bindings.BindingInvoker.InvokeBinding(IBinding binding, IContextManager contextManager, Object[] arguments, ITestTracer testTracer, TimeSpan&amp; duration) in D:\a\1\s\TechTalk.SpecFlow\Bindings\BindingInvoker.cs:line 69
   at TechTalk.SpecFlow.Infrastructure.TestExecutionEngine.ExecuteStepMatch(BindingMatch match, Object[] arguments) in D:\a\1\s\TechTalk.SpecFlow\Infrastructure\TestExecutionEngine.cs:line 501
   at TechTalk.SpecRun.SpecFlowPlugin.Runtime.RunnerTestExecutionEngine.ExecuteStepMatch(BindingMatch match, Object[] arguments)
   at TechTalk.SpecFlow.Infrastructure.TestExecutionEngine.ExecuteStep(IContextManager contextManager, StepInstance stepInstance) in D:\a\1\s\TechTalk.SpecFlow\Infrastructure\TestExecutionEngine.cs:line 422
   at TechTalk.SpecFlow.Infrastructure.TestExecutionEngine.OnAfterLastStep() in D:\a\1\s\TechTalk.SpecFlow\Infrastructure\TestExecutionEngine.cs:line 256
   at TechTalk.SpecRun.SpecFlowPlugin.Runtime.RunnerTestExecutionEngine.OnAfterLastStep()
   at TechTalk.SpecFlow.TestRunner.CollectScenarioErrors() in D:\a\1\s\TechTalk.SpecFlow\TestRunner.cs:line 60
   at PaymentAPIValidation.APIValidationTestFeature.ScenarioCleanup()
   at PaymentAPIValidation.APIValidationTestFeature.RequestValidButNotSupportedIBANWhichContainsExactlyThirtyFourCharacter() in C:\Users\Bushra\source\repos\Final01\PaymentAPIValidation\PaymentAPIValidation\APIValidationTest.feature:line 145
   at TechTalk.SpecRun.Framework.TaskExecutors.StaticOrInstanceMethodExecutor.ExecuteInternal(ITestThreadExecutionContext testThreadExecutionContext)
   at TechTalk.SpecRun.Framework.TaskExecutors.StaticOrInstanceMethodExecutor.Execute(ITestThreadExecutionContext testThreadExecutionContext)
   at TechTalk.SpecRun.Framework.TestNodeTask.Execute()</pre>
                        </td>
                        <td>Failed in 0.005s</td>
                    </tr>
            </table>
            <a name="t1471510313.0" />
            <h3>Scenario: Request valid but not supported IBAN which contains less than Thirty Four character (in PaymentAPIValidation, APIValidationTest)</h3>
            <ul>
                <li>Status: Failed</li>
                <li>Start time: 29/06/2020 0.11.13</li>
                <li>Execution time (sec): 0,1972919</li>
                <li>Thread: #0</li>
                <li>Error: Assert.IsTrue failed. </li>
            </ul>
            <table class="testEvents">
                <tr>
                    <th>Steps</th>
                    <th>Trace</th>
                    <th>Result</th>
                </tr>
                    <tr>
                        <td>
                            <pre class="log">Given I have the following request body:
  --- multiline step argument ---
  {
    &quot;bankAccount&quot;: &quot;BE71 0961 2345 6769&quot;
  }</pre>
                        </td>
                        <td>
                            <!-- [TestArrange: Scenario - Request valid but not supported IBAN which contains less than Thirty Four character] -->
                            <pre class="log">done: APIValidationTestSteps.GivenIHaveTheFollowingRequestBody(&quot;{\r\n  &quot;bankAccou...&quot;) (0,0s)</pre>
                        </td>
                        <td>Succeeded in 0.005s</td>
                    </tr>
                    <tr>
                        <td>
                            <pre class="log">When I post this request with valid but not supported IBAN which contains less than Thirty Four character with valid &#39;Q7DaxRnFls6IpwSW1SQ2FaTFOf7UdReAFNoKY68L&#39; key to the &#39;https://api-test.afterpay.dev/api/v3/validate/bank-account&#39; api</pre>
                        </td>
                        <td>
                            <!-- [TestAct: Scenario - Request valid but not supported IBAN which contains less than Thirty Four character] -->
                            <pre class="log">done: APIValidationTestSteps.WhenIPostThisRequestWithValidButNotSupportedIBANWhichContainsLessThanThirtyFourCharacterWithValidKeyToTheApiAsync(&quot;Q7DaxRnFls6IpwSW1...&quot;, &quot;https://api-test....&quot;) (0,2s)</pre>
                        </td>
                        <td>Succeeded in 0.184s</td>
                    </tr>
                    <tr>
                        <td>
                            <pre class="log">Then Response body for valid but not supported IBAN which contains less than Thirty Four character should contain: &quot;false&quot;</pre>
                        </td>
                        <td>
                            <!-- [TestAssert: Scenario - Request valid but not supported IBAN which contains less than Thirty Four character] -->
                            <pre class="log">error: Assert.IsTrue failed.</pre>
                                <div class="errorMessage">Assert.IsTrue failed. </div>
                                <pre class="stackTrace">Microsoft.VisualStudio.TestTools.UnitTesting.AssertFailedException: Assert.IsTrue failed. 
   at Microsoft.VisualStudio.TestTools.UnitTesting.Assert.HandleFail(String assertionName, String message, Object[] parameters)
   at Microsoft.VisualStudio.TestTools.UnitTesting.Assert.IsTrue(Boolean condition, String message, Object[] parameters)
   at Microsoft.VisualStudio.TestTools.UnitTesting.Assert.IsTrue(Boolean condition)
   at PaymentAPIValidation.APIValidationTestSteps.ThenResponseBodyForValidButNotSupportedIBANWhichContainsLessThanThirtyFourCharacterShouldContain(String responseBody) in C:\Users\Bushra\source\repos\Final01\PaymentAPIValidation\PaymentAPIValidation\APIValidationTestSteps.cs:line 392
   at TechTalk.SpecFlow.Bindings.BindingInvoker.InvokeBinding(IBinding binding, IContextManager contextManager, Object[] arguments, ITestTracer testTracer, TimeSpan&amp; duration) in D:\a\1\s\TechTalk.SpecFlow\Bindings\BindingInvoker.cs:line 69
   at TechTalk.SpecFlow.Infrastructure.TestExecutionEngine.ExecuteStepMatch(BindingMatch match, Object[] arguments) in D:\a\1\s\TechTalk.SpecFlow\Infrastructure\TestExecutionEngine.cs:line 501
   at TechTalk.SpecRun.SpecFlowPlugin.Runtime.RunnerTestExecutionEngine.ExecuteStepMatch(BindingMatch match, Object[] arguments)
   at TechTalk.SpecFlow.Infrastructure.TestExecutionEngine.ExecuteStep(IContextManager contextManager, StepInstance stepInstance) in D:\a\1\s\TechTalk.SpecFlow\Infrastructure\TestExecutionEngine.cs:line 422
   at TechTalk.SpecFlow.Infrastructure.TestExecutionEngine.OnAfterLastStep() in D:\a\1\s\TechTalk.SpecFlow\Infrastructure\TestExecutionEngine.cs:line 256
   at TechTalk.SpecRun.SpecFlowPlugin.Runtime.RunnerTestExecutionEngine.OnAfterLastStep()
   at TechTalk.SpecFlow.TestRunner.CollectScenarioErrors() in D:\a\1\s\TechTalk.SpecFlow\TestRunner.cs:line 60
   at PaymentAPIValidation.APIValidationTestFeature.ScenarioCleanup()
   at PaymentAPIValidation.APIValidationTestFeature.RequestValidButNotSupportedIBANWhichContainsLessThanThirtyFourCharacter() in C:\Users\Bushra\source\repos\Final01\PaymentAPIValidation\PaymentAPIValidation\APIValidationTest.feature:line 155
   at TechTalk.SpecRun.Framework.TaskExecutors.StaticOrInstanceMethodExecutor.ExecuteInternal(ITestThreadExecutionContext testThreadExecutionContext)
   at TechTalk.SpecRun.Framework.TaskExecutors.StaticOrInstanceMethodExecutor.Execute(ITestThreadExecutionContext testThreadExecutionContext)
   at TechTalk.SpecRun.Framework.TestNodeTask.Execute()</pre>
                        </td>
                        <td>Failed in 0.004s</td>
                    </tr>
            </table>
            <a name="t1471510313.1" />
            <h3>Scenario: Request valid but not supported IBAN which contains less than Thirty Four character (in PaymentAPIValidation, APIValidationTest) retry #1</h3>
            <ul>
                <li>Status: Failed</li>
                <li>Start time: 29/06/2020 0.11.13</li>
                <li>Execution time (sec): 0,1870307</li>
                <li>Thread: #0</li>
                <li>Error: Assert.IsTrue failed. </li>
            </ul>
            <table class="testEvents">
                <tr>
                    <th>Steps</th>
                    <th>Trace</th>
                    <th>Result</th>
                </tr>
                    <tr>
                        <td>
                            <pre class="log">Given I have the following request body:
  --- multiline step argument ---
  {
    &quot;bankAccount&quot;: &quot;BE71 0961 2345 6769&quot;
  }</pre>
                        </td>
                        <td>
                            <!-- [TestArrange: Scenario - Request valid but not supported IBAN which contains less than Thirty Four character] -->
                            <pre class="log">done: APIValidationTestSteps.GivenIHaveTheFollowingRequestBody(&quot;{\r\n  &quot;bankAccou...&quot;) (0,0s)</pre>
                        </td>
                        <td>Succeeded in 0.003s</td>
                    </tr>
                    <tr>
                        <td>
                            <pre class="log">When I post this request with valid but not supported IBAN which contains less than Thirty Four character with valid &#39;Q7DaxRnFls6IpwSW1SQ2FaTFOf7UdReAFNoKY68L&#39; key to the &#39;https://api-test.afterpay.dev/api/v3/validate/bank-account&#39; api</pre>
                        </td>
                        <td>
                            <!-- [TestAct: Scenario - Request valid but not supported IBAN which contains less than Thirty Four character] -->
                            <pre class="log">done: APIValidationTestSteps.WhenIPostThisRequestWithValidButNotSupportedIBANWhichContainsLessThanThirtyFourCharacterWithValidKeyToTheApiAsync(&quot;Q7DaxRnFls6IpwSW1...&quot;, &quot;https://api-test....&quot;) (0,2s)</pre>
                        </td>
                        <td>Succeeded in 0.178s</td>
                    </tr>
                    <tr>
                        <td>
                            <pre class="log">Then Response body for valid but not supported IBAN which contains less than Thirty Four character should contain: &quot;false&quot;</pre>
                        </td>
                        <td>
                            <!-- [TestAssert: Scenario - Request valid but not supported IBAN which contains less than Thirty Four character] -->
                            <pre class="log">error: Assert.IsTrue failed.</pre>
                                <div class="errorMessage">Assert.IsTrue failed. </div>
                                <pre class="stackTrace">Microsoft.VisualStudio.TestTools.UnitTesting.AssertFailedException: Assert.IsTrue failed. 
   at Microsoft.VisualStudio.TestTools.UnitTesting.Assert.HandleFail(String assertionName, String message, Object[] parameters)
   at Microsoft.VisualStudio.TestTools.UnitTesting.Assert.IsTrue(Boolean condition, String message, Object[] parameters)
   at Microsoft.VisualStudio.TestTools.UnitTesting.Assert.IsTrue(Boolean condition)
   at PaymentAPIValidation.APIValidationTestSteps.ThenResponseBodyForValidButNotSupportedIBANWhichContainsLessThanThirtyFourCharacterShouldContain(String responseBody) in C:\Users\Bushra\source\repos\Final01\PaymentAPIValidation\PaymentAPIValidation\APIValidationTestSteps.cs:line 392
   at TechTalk.SpecFlow.Bindings.BindingInvoker.InvokeBinding(IBinding binding, IContextManager contextManager, Object[] arguments, ITestTracer testTracer, TimeSpan&amp; duration) in D:\a\1\s\TechTalk.SpecFlow\Bindings\BindingInvoker.cs:line 69
   at TechTalk.SpecFlow.Infrastructure.TestExecutionEngine.ExecuteStepMatch(BindingMatch match, Object[] arguments) in D:\a\1\s\TechTalk.SpecFlow\Infrastructure\TestExecutionEngine.cs:line 501
   at TechTalk.SpecRun.SpecFlowPlugin.Runtime.RunnerTestExecutionEngine.ExecuteStepMatch(BindingMatch match, Object[] arguments)
   at TechTalk.SpecFlow.Infrastructure.TestExecutionEngine.ExecuteStep(IContextManager contextManager, StepInstance stepInstance) in D:\a\1\s\TechTalk.SpecFlow\Infrastructure\TestExecutionEngine.cs:line 422
   at TechTalk.SpecFlow.Infrastructure.TestExecutionEngine.OnAfterLastStep() in D:\a\1\s\TechTalk.SpecFlow\Infrastructure\TestExecutionEngine.cs:line 256
   at TechTalk.SpecRun.SpecFlowPlugin.Runtime.RunnerTestExecutionEngine.OnAfterLastStep()
   at TechTalk.SpecFlow.TestRunner.CollectScenarioErrors() in D:\a\1\s\TechTalk.SpecFlow\TestRunner.cs:line 60
   at PaymentAPIValidation.APIValidationTestFeature.ScenarioCleanup()
   at PaymentAPIValidation.APIValidationTestFeature.RequestValidButNotSupportedIBANWhichContainsLessThanThirtyFourCharacter() in C:\Users\Bushra\source\repos\Final01\PaymentAPIValidation\PaymentAPIValidation\APIValidationTest.feature:line 155
   at TechTalk.SpecRun.Framework.TaskExecutors.StaticOrInstanceMethodExecutor.ExecuteInternal(ITestThreadExecutionContext testThreadExecutionContext)
   at TechTalk.SpecRun.Framework.TaskExecutors.StaticOrInstanceMethodExecutor.Execute(ITestThreadExecutionContext testThreadExecutionContext)
   at TechTalk.SpecRun.Framework.TestNodeTask.Execute()</pre>
                        </td>
                        <td>Failed in 0.003s</td>
                    </tr>
            </table>
            <a name="t1471510313.2" />
            <h3>Scenario: Request valid but not supported IBAN which contains less than Thirty Four character (in PaymentAPIValidation, APIValidationTest) retry #2</h3>
            <ul>
                <li>Status: Failed</li>
                <li>Start time: 29/06/2020 0.11.13</li>
                <li>Execution time (sec): 0,2012911</li>
                <li>Thread: #0</li>
                <li>Error: Assert.IsTrue failed. </li>
            </ul>
            <table class="testEvents">
                <tr>
                    <th>Steps</th>
                    <th>Trace</th>
                    <th>Result</th>
                </tr>
                    <tr>
                        <td>
                            <pre class="log">Given I have the following request body:
  --- multiline step argument ---
  {
    &quot;bankAccount&quot;: &quot;BE71 0961 2345 6769&quot;
  }</pre>
                        </td>
                        <td>
                            <!-- [TestArrange: Scenario - Request valid but not supported IBAN which contains less than Thirty Four character] -->
                            <pre class="log">done: APIValidationTestSteps.GivenIHaveTheFollowingRequestBody(&quot;{\r\n  &quot;bankAccou...&quot;) (0,0s)</pre>
                        </td>
                        <td>Succeeded in 0.003s</td>
                    </tr>
                    <tr>
                        <td>
                            <pre class="log">When I post this request with valid but not supported IBAN which contains less than Thirty Four character with valid &#39;Q7DaxRnFls6IpwSW1SQ2FaTFOf7UdReAFNoKY68L&#39; key to the &#39;https://api-test.afterpay.dev/api/v3/validate/bank-account&#39; api</pre>
                        </td>
                        <td>
                            <!-- [TestAct: Scenario - Request valid but not supported IBAN which contains less than Thirty Four character] -->
                            <pre class="log">done: APIValidationTestSteps.WhenIPostThisRequestWithValidButNotSupportedIBANWhichContainsLessThanThirtyFourCharacterWithValidKeyToTheApiAsync(&quot;Q7DaxRnFls6IpwSW1...&quot;, &quot;https://api-test....&quot;) (0,2s)</pre>
                        </td>
                        <td>Succeeded in 0.19s</td>
                    </tr>
                    <tr>
                        <td>
                            <pre class="log">Then Response body for valid but not supported IBAN which contains less than Thirty Four character should contain: &quot;false&quot;</pre>
                        </td>
                        <td>
                            <!-- [TestAssert: Scenario - Request valid but not supported IBAN which contains less than Thirty Four character] -->
                            <pre class="log">error: Assert.IsTrue failed.</pre>
                                <div class="errorMessage">Assert.IsTrue failed. </div>
                                <pre class="stackTrace">Microsoft.VisualStudio.TestTools.UnitTesting.AssertFailedException: Assert.IsTrue failed. 
   at Microsoft.VisualStudio.TestTools.UnitTesting.Assert.HandleFail(String assertionName, String message, Object[] parameters)
   at Microsoft.VisualStudio.TestTools.UnitTesting.Assert.IsTrue(Boolean condition, String message, Object[] parameters)
   at Microsoft.VisualStudio.TestTools.UnitTesting.Assert.IsTrue(Boolean condition)
   at PaymentAPIValidation.APIValidationTestSteps.ThenResponseBodyForValidButNotSupportedIBANWhichContainsLessThanThirtyFourCharacterShouldContain(String responseBody) in C:\Users\Bushra\source\repos\Final01\PaymentAPIValidation\PaymentAPIValidation\APIValidationTestSteps.cs:line 392
   at TechTalk.SpecFlow.Bindings.BindingInvoker.InvokeBinding(IBinding binding, IContextManager contextManager, Object[] arguments, ITestTracer testTracer, TimeSpan&amp; duration) in D:\a\1\s\TechTalk.SpecFlow\Bindings\BindingInvoker.cs:line 69
   at TechTalk.SpecFlow.Infrastructure.TestExecutionEngine.ExecuteStepMatch(BindingMatch match, Object[] arguments) in D:\a\1\s\TechTalk.SpecFlow\Infrastructure\TestExecutionEngine.cs:line 501
   at TechTalk.SpecRun.SpecFlowPlugin.Runtime.RunnerTestExecutionEngine.ExecuteStepMatch(BindingMatch match, Object[] arguments)
   at TechTalk.SpecFlow.Infrastructure.TestExecutionEngine.ExecuteStep(IContextManager contextManager, StepInstance stepInstance) in D:\a\1\s\TechTalk.SpecFlow\Infrastructure\TestExecutionEngine.cs:line 422
   at TechTalk.SpecFlow.Infrastructure.TestExecutionEngine.OnAfterLastStep() in D:\a\1\s\TechTalk.SpecFlow\Infrastructure\TestExecutionEngine.cs:line 256
   at TechTalk.SpecRun.SpecFlowPlugin.Runtime.RunnerTestExecutionEngine.OnAfterLastStep()
   at TechTalk.SpecFlow.TestRunner.CollectScenarioErrors() in D:\a\1\s\TechTalk.SpecFlow\TestRunner.cs:line 60
   at PaymentAPIValidation.APIValidationTestFeature.ScenarioCleanup()
   at PaymentAPIValidation.APIValidationTestFeature.RequestValidButNotSupportedIBANWhichContainsLessThanThirtyFourCharacter() in C:\Users\Bushra\source\repos\Final01\PaymentAPIValidation\PaymentAPIValidation\APIValidationTest.feature:line 155
   at TechTalk.SpecRun.Framework.TaskExecutors.StaticOrInstanceMethodExecutor.ExecuteInternal(ITestThreadExecutionContext testThreadExecutionContext)
   at TechTalk.SpecRun.Framework.TaskExecutors.StaticOrInstanceMethodExecutor.Execute(ITestThreadExecutionContext testThreadExecutionContext)
   at TechTalk.SpecRun.Framework.TestNodeTask.Execute()</pre>
                        </td>
                        <td>Failed in 0.004s</td>
                    </tr>
            </table>
            <a name="t1136072968.0" />
            <h3>Scenario: Request Invalid IBAN which contains exactly Thirty Four character (in PaymentAPIValidation, APIValidationTest)</h3>
            <ul>
                <li>Status: Succeeded</li>
                <li>Start time: 29/06/2020 0.11.13</li>
                <li>Execution time (sec): 0,1783884</li>
                <li>Thread: #0</li>
            </ul>
            <table class="testEvents">
                <tr>
                    <th>Steps</th>
                    <th>Trace</th>
                    <th>Result</th>
                </tr>
                    <tr>
                        <td>
                            <pre class="log">Given I have the following request body:
  --- multiline step argument ---
  {
    &quot;bankAccount&quot;: &quot;ABDR121234567890123456789012345678&quot;
  }</pre>
                        </td>
                        <td>
                            <!-- [TestArrange: Scenario - Request Invalid IBAN which contains exactly Thirty Four character] -->
                            <pre class="log">done: APIValidationTestSteps.GivenIHaveTheFollowingRequestBody(&quot;{\r\n  &quot;bankAccou...&quot;) (0,0s)</pre>
                        </td>
                        <td>Succeeded in 0.006s</td>
                    </tr>
                    <tr>
                        <td>
                            <pre class="log">When I post this request with Invalid IBAN which contains exactly Thirty Four character with valid &#39;Q7DaxRnFls6IpwSW1SQ2FaTFOf7UdReAFNoKY68L&#39; key to the &#39;https://api-test.afterpay.dev/api/v3/validate/bank-account&#39; api</pre>
                        </td>
                        <td>
                            <!-- [TestAct: Scenario - Request Invalid IBAN which contains exactly Thirty Four character] -->
                            <pre class="log">done: APIValidationTestSteps.WhenIPostThisRequestWithInvalidIBANWhichContainsExactlyThirtyFourCharacterWithValidKeyToTheApiAsync(&quot;Q7DaxRnFls6IpwSW1...&quot;, &quot;https://api-test....&quot;) (0,2s)</pre>
                        </td>
                        <td>Succeeded in 0.166s</td>
                    </tr>
                    <tr>
                        <td>
                            <pre class="log">Then Response body for Invalid IBAN which contains exactly Thirty Four character should contain: &quot;Value format is incorrect.&quot;</pre>
                        </td>
                        <td>
                            <!-- [TestAssert: Scenario - Request Invalid IBAN which contains exactly Thirty Four character] -->
                            <pre class="log">done: APIValidationTestSteps.ThenResponseBodyForInvalidIBANWhichContainsExactlyThirtyFourCharacterShouldContain(&quot;Value format is i...&quot;) (0,0s)</pre>
                        </td>
                        <td>Succeeded in 0.003s</td>
                    </tr>
            </table>
            <a name="t1075673924.0" />
            <h3>Scenario: Request invalid and more than Thirty Four char IBAN (in PaymentAPIValidation, APIValidationTest)</h3>
            <ul>
                <li>Status: Succeeded</li>
                <li>Start time: 29/06/2020 0.11.13</li>
                <li>Execution time (sec): 0,1988033</li>
                <li>Thread: #0</li>
            </ul>
            <table class="testEvents">
                <tr>
                    <th>Steps</th>
                    <th>Trace</th>
                    <th>Result</th>
                </tr>
                    <tr>
                        <td>
                            <pre class="log">Given I have the following request body:
  --- multiline step argument ---
  {
    &quot;bankAccount&quot;: &quot;ABDR12123456789012345678901234567890&quot;
  }</pre>
                        </td>
                        <td>
                            <!-- [TestArrange: Scenario - Request invalid and more than Thirty Four char IBAN] -->
                            <pre class="log">done: APIValidationTestSteps.GivenIHaveTheFollowingRequestBody(&quot;{\r\n  &quot;bankAccou...&quot;) (0,0s)</pre>
                        </td>
                        <td>Succeeded in 0.005s</td>
                    </tr>
                    <tr>
                        <td>
                            <pre class="log">When I post this request with invalid and more than Thirty Four char IBAN with valid &#39;Q7DaxRnFls6IpwSW1SQ2FaTFOf7UdReAFNoKY68L&#39; key to the &#39;https://api-test.afterpay.dev/api/v3/validate/bank-account&#39; api</pre>
                        </td>
                        <td>
                            <!-- [TestAct: Scenario - Request invalid and more than Thirty Four char IBAN] -->
                            <pre class="log">done: APIValidationTestSteps.WhenIPostThisRequestWithInvalidAndMoreThanThirtyFourCharIBANWithValidKeyToTheApiAsync(&quot;Q7DaxRnFls6IpwSW1...&quot;, &quot;https://api-test....&quot;) (0,2s)</pre>
                        </td>
                        <td>Succeeded in 0.182s</td>
                    </tr>
                    <tr>
                        <td>
                            <pre class="log">Then The result for invalid and more than Thirty Four char IBAN should be :&quot;Bad Request&quot;</pre>
                        </td>
                        <td>
                            <!-- [TestAssert: Scenario - Request invalid and more than Thirty Four char IBAN] -->
                            <pre class="log">done: APIValidationTestSteps.ThenTheResultForInvalidAndMoreThanThirtyFourCharIBANShouldBe(&quot;Bad Request&quot;) (0,0s)</pre>
                        </td>
                        <td>Succeeded in 0.005s</td>
                    </tr>
                    <tr>
                        <td>
                            <pre class="log">And Response body for invalid and more than Thirty Four char IBAN should contain: &quot;A string value exceeds maximum length of 34.&quot;</pre>
                        </td>
                        <td>
                            <!-- [TestAssert: Scenario - Request invalid and more than Thirty Four char IBAN] -->
                            <pre class="log">done: APIValidationTestSteps.ThenResponseBodyForInvalidAndMoreThanThirtyFourCharIBANShouldContain(&quot;A string value ex...&quot;) (0,0s)</pre>
                        </td>
                        <td>Succeeded in 0.003s</td>
                    </tr>
            </table>
            <a name="t-16479561.0" />
            <h3>Scenario: Request with null or empty IBAN (in PaymentAPIValidation, APIValidationTest)</h3>
            <ul>
                <li>Status: Succeeded</li>
                <li>Start time: 29/06/2020 0.11.14</li>
                <li>Execution time (sec): 0,1854863</li>
                <li>Thread: #0</li>
            </ul>
            <table class="testEvents">
                <tr>
                    <th>Steps</th>
                    <th>Trace</th>
                    <th>Result</th>
                </tr>
                    <tr>
                        <td>
                            <pre class="log">Given I have the following request body:
  --- multiline step argument ---
  {
    &quot;bankAccount&quot;: &quot; &quot;
  }</pre>
                        </td>
                        <td>
                            <!-- [TestArrange: Scenario - Request with null or empty IBAN] -->
                            <pre class="log">done: APIValidationTestSteps.GivenIHaveTheFollowingRequestBody(&quot;{\r\n  &quot;bankAccou...&quot;) (0,0s)</pre>
                        </td>
                        <td>Succeeded in 0.004s</td>
                    </tr>
                    <tr>
                        <td>
                            <pre class="log">When I post this request with null or empty IBAN with valid &#39;Q7DaxRnFls6IpwSW1SQ2FaTFOf7UdReAFNoKY68L&#39; key to the &#39;https://api-test.afterpay.dev/api/v3/validate/bank-account&#39; api</pre>
                        </td>
                        <td>
                            <!-- [TestAct: Scenario - Request with null or empty IBAN] -->
                            <pre class="log">done: APIValidationTestSteps.WhenIPostThisRequestWithNullOrEmptyIBANWithValidKeyToTheApiAsync(&quot;Q7DaxRnFls6IpwSW1...&quot;, &quot;https://api-test....&quot;) (0,2s)</pre>
                        </td>
                        <td>Succeeded in 0.175s</td>
                    </tr>
                    <tr>
                        <td>
                            <pre class="log">Then Response body for null or empty IBAN should contain: &quot;Value is required.&quot;</pre>
                        </td>
                        <td>
                            <!-- [TestAssert: Scenario - Request with null or empty IBAN] -->
                            <pre class="log">done: APIValidationTestSteps.ThenResponseBodyForNullOrEmptyIBANShouldContain(&quot;Value is required.&quot;) (0,0s)</pre>
                        </td>
                        <td>Succeeded in 0.003s</td>
                    </tr>
            </table>
            <a name="t-1917351657.0" />
            <h3>Scenario: Request with invalid IBAN (in PaymentAPIValidation, APIValidationTest)</h3>
            <ul>
                <li>Status: Succeeded</li>
                <li>Start time: 29/06/2020 0.11.14</li>
                <li>Execution time (sec): 0,1873477</li>
                <li>Thread: #0</li>
            </ul>
            <table class="testEvents">
                <tr>
                    <th>Steps</th>
                    <th>Trace</th>
                    <th>Result</th>
                </tr>
                    <tr>
                        <td>
                            <pre class="log">Given I have the following request body:
  --- multiline step argument ---
  {
    &quot;bankAccount&quot;: &quot;==&quot;
  }</pre>
                        </td>
                        <td>
                            <!-- [TestArrange: Scenario - Request with invalid IBAN] -->
                            <pre class="log">done: APIValidationTestSteps.GivenIHaveTheFollowingRequestBody(&quot;{\r\n  &quot;bankAccou...&quot;) (0,0s)</pre>
                        </td>
                        <td>Succeeded in 0.005s</td>
                    </tr>
                    <tr>
                        <td>
                            <pre class="log">When I post this request with invalid IBAN with valid &#39;Q7DaxRnFls6IpwSW1SQ2FaTFOf7UdReAFNoKY68L&#39; key to the &#39;https://api-test.afterpay.dev/api/v3/validate/bank-account&#39; api</pre>
                        </td>
                        <td>
                            <!-- [TestAct: Scenario - Request with invalid IBAN] -->
                            <pre class="log">done: APIValidationTestSteps.WhenIPostThisRequestWithInvalidIBANWithValidKeyToTheApiAsync(&quot;Q7DaxRnFls6IpwSW1...&quot;, &quot;https://api-test....&quot;) (0,2s)</pre>
                        </td>
                        <td>Succeeded in 0.175s</td>
                    </tr>
                    <tr>
                        <td>
                            <pre class="log">Then Response body for invalid IBAN should contain: &quot;A string value with minimum length 7 is required&quot;</pre>
                        </td>
                        <td>
                            <!-- [TestAssert: Scenario - Request with invalid IBAN] -->
                            <pre class="log">done: APIValidationTestSteps.ThenResponseBodyForInvalidIBANShouldContain(&quot;A string value wi...&quot;) (0,0s)</pre>
                        </td>
                        <td>Succeeded in 0.003s</td>
                    </tr>
            </table>
	</body>
</html>